#
# There is insufficient memory for the Java Runtime Environment to continue.
# Native memory allocation (malloc) failed to allocate 345376 bytes for Chunk::new
# Possible reasons:
#   The system is out of physical RAM or swap space
#   The process is running with CompressedOops enabled, and the Java Heap may be blocking the growth of the native heap
# Possible solutions:
#   Reduce memory load on the system
#   Increase physical memory or swap space
#   Check if swap backing store is full
#   Decrease Java heap size (-Xmx/-Xms)
#   Decrease number of Java threads
#   Decrease Java thread stack sizes (-Xss)
#   Set larger code cache with -XX:ReservedCodeCacheSize=
#   JVM is running with Unscaled Compressed Oops mode in which the Java heap is
#     placed in the first 4GB address space. The Java Heap base address is the
#     maximum limit for the native heap growth. Please use -XX:HeapBaseMinAddress
#     to set the Java Heap base and to place the Java Heap above 4GB virtual address.
# This output file may be truncated or incomplete.
#
#  Out of Memory Error (allocation.cpp:389), pid=9248, tid=0x0000000000002d9c
#
# JRE version: Java(TM) SE Runtime Environment (8.0_211-b12) (build 1.8.0_211-b12)
# Java VM: Java HotSpot(TM) 64-Bit Server VM (25.211-b12 mixed mode windows-amd64 compressed oops)
# Failed to write core dump. Minidumps are not enabled by default on client versions of Windows
#

---------------  T H R E A D  ---------------

Current thread (0x0000000013530800):  JavaThread "C2 CompilerThread0" daemon [_thread_in_native, id=11676, stack(0x0000000014ba0000,0x0000000014ca0000)]

Stack: [0x0000000014ba0000,0x0000000014ca0000]
[error occurred during error reporting (printing stack bounds), id 0xc0000005]

Native frames: (J=compiled Java code, j=interpreted, Vv=VM code, C=native code)


Current CompileTask:
C2:   1252  688   !   4       sun.misc.URLClassPath$JarLoader::getResource (85 bytes)


---------------  P R O C E S S  ---------------

Java Threads: ( => current thread )
  0x0000000015b7b800 JavaThread "pool-1-thread-1" [_thread_blocked, id=7028, stack(0x0000000016c70000,0x0000000016d70000)]
  0x0000000014ec3000 JavaThread "Service Thread" daemon [_thread_blocked, id=4968, stack(0x00000000152a0000,0x00000000153a0000)]
  0x000000001353f800 JavaThread "C1 CompilerThread2" daemon [_thread_blocked, id=12348, stack(0x0000000014da0000,0x0000000014ea0000)]
  0x0000000013535000 JavaThread "C2 CompilerThread1" daemon [_thread_in_native, id=7072, stack(0x0000000014ca0000,0x0000000014da0000)]
=>0x0000000013530800 JavaThread "C2 CompilerThread0" daemon [_thread_in_native, id=11676, stack(0x0000000014ba0000,0x0000000014ca0000)]
  0x000000001352e800 JavaThread "Attach Listener" daemon [_thread_blocked, id=12232, stack(0x0000000014aa0000,0x0000000014ba0000)]
  0x000000001353a800 JavaThread "Signal Dispatcher" daemon [_thread_blocked, id=8760, stack(0x00000000149a0000,0x0000000014aa0000)]
  0x00000000031cc800 JavaThread "Finalizer" daemon [_thread_blocked, id=4552, stack(0x00000000147a0000,0x00000000148a0000)]
  0x00000000031c3000 JavaThread "Reference Handler" daemon [_thread_blocked, id=12860, stack(0x00000000146a0000,0x00000000147a0000)]
  0x00000000030d3800 JavaThread "main" [_thread_in_vm, id=9356, stack(0x0000000002fd0000,0x00000000030d0000)]

Other Threads:
  0x00000000134f8000 VMThread [stack: 0x00000000145a0000,0x00000000146a0000] [id=768]
  0x0000000014ecd000 WatcherThread [stack: 0x00000000153a0000,0x00000000154a0000] [id=9132]

VM state:not at safepoint (normal execution)

VM Mutex/Monitor currently owned by a thread: None

heap address: 0x00000000fc000000, size: 64 MB, Compressed Oops mode: 32-bit
Narrow klass base: 0x0000000000000000, Narrow klass shift: 3
Compressed class space size: 1073741824 Address: 0x0000000100000000

Heap:
 PSYoungGen      total 18944K, used 12384K [0x00000000feb00000, 0x0000000100000000, 0x0000000100000000)
  eden space 16384K, 60% used [0x00000000feb00000,0x00000000ff49ee00,0x00000000ffb00000)
  from space 2560K, 98% used [0x00000000ffb00000,0x00000000ffd795d8,0x00000000ffd80000)
  to   space 2560K, 0% used [0x00000000ffd80000,0x00000000ffd80000,0x0000000100000000)
 ParOldGen       total 44032K, used 28K [0x00000000fc000000, 0x00000000feb00000, 0x00000000feb00000)
  object space 44032K, 0% used [0x00000000fc000000,0x00000000fc0073d0,0x00000000feb00000)
 Metaspace       used 7768K, capacity 8032K, committed 8320K, reserved 1056768K
  class space    used 1005K, capacity 1102K, committed 1152K, reserved 1048576K

Card table byte_map: [0x0000000002d30000,0x0000000002d60000] byte_map_base: 0x0000000002550000

Marking Bits: (ParMarkBitMap*) 0x0000000057e35ce0
 Begin Bits: [0x0000000012990000, 0x0000000012a90000)
 End Bits:   [0x0000000012a90000, 0x0000000012b90000)

Polling page: 0x0000000001510000

CodeCache: size=245760Kb used=2861Kb max_used=2862Kb free=242898Kb
 bounds [0x00000000031d0000, 0x00000000034a0000, 0x00000000121d0000]
 total_blobs=1020 nmethods=703 adapters=230
 compilation: enabled

Compilation events (10 events):
Event: 1.231 Thread 0x000000001353f800  693   !   3       java.util.jar.JarFile$JarFileEntry::getCodeSigners (78 bytes)
Event: 1.232 Thread 0x000000001353f800 nmethod 693 0x0000000003495550 code [0x0000000003495720, 0x0000000003495d18]
Event: 1.232 Thread 0x000000001353f800  694       3       java.util.jar.JarFile::access$200 (5 bytes)
Event: 1.232 Thread 0x000000001353f800 nmethod 694 0x0000000003495f90 code [0x0000000003496100, 0x0000000003496268]
Event: 1.232 Thread 0x000000001353f800  695   !   3       java.lang.ClassLoader::checkCerts (195 bytes)
Event: 1.233 Thread 0x000000001353f800 nmethod 695 0x0000000003496310 code [0x00000000034965c0, 0x0000000003497c18]
Event: 1.235 Thread 0x0000000013535000 nmethod 689 0x000000000349b7d0 code [0x000000000349b980, 0x000000000349bf50]
Event: 1.240 Thread 0x0000000013535000  701   !   4       java.util.zip.ZipFile::getEntry (101 bytes)
Event: 1.246 Thread 0x000000001353f800  703       3       java.util.jar.Manifest$FastInputStream::readLine (9 bytes)
Event: 1.246 Thread 0x000000001353f800 nmethod 703 0x000000000349b3d0 code [0x000000000349b540, 0x000000000349b6e8]

GC Heap History (2 events):
Event: 1.030 GC heap before
{Heap before GC invocations=1 (full 0):
 PSYoungGen      total 18944K, used 16384K [0x00000000feb00000, 0x0000000100000000, 0x0000000100000000)
  eden space 16384K, 100% used [0x00000000feb00000,0x00000000ffb00000,0x00000000ffb00000)
  from space 2560K, 0% used [0x00000000ffd80000,0x00000000ffd80000,0x0000000100000000)
  to   space 2560K, 0% used [0x00000000ffb00000,0x00000000ffb00000,0x00000000ffd80000)
 ParOldGen       total 44032K, used 0K [0x00000000fc000000, 0x00000000feb00000, 0x00000000feb00000)
  object space 44032K, 0% used [0x00000000fc000000,0x00000000fc000000,0x00000000feb00000)
 Metaspace       used 6383K, capacity 6654K, committed 6784K, reserved 1056768K
  class space    used 782K, capacity 877K, committed 896K, reserved 1048576K
Event: 1.034 GC heap after
Heap after GC invocations=1 (full 0):
 PSYoungGen      total 18944K, used 2533K [0x00000000feb00000, 0x0000000100000000, 0x0000000100000000)
  eden space 16384K, 0% used [0x00000000feb00000,0x00000000feb00000,0x00000000ffb00000)
  from space 2560K, 98% used [0x00000000ffb00000,0x00000000ffd795d8,0x00000000ffd80000)
  to   space 2560K, 0% used [0x00000000ffd80000,0x00000000ffd80000,0x0000000100000000)
 ParOldGen       total 44032K, used 28K [0x00000000fc000000, 0x00000000feb00000, 0x00000000feb00000)
  object space 44032K, 0% used [0x00000000fc000000,0x00000000fc0073d0,0x00000000feb00000)
 Metaspace       used 6383K, capacity 6654K, committed 6784K, reserved 1056768K
  class space    used 782K, capacity 877K, committed 896K, reserved 1048576K
}

Deoptimization events (7 events):
Event: 0.692 Thread 0x00000000030d3800 Uncommon trap: reason=unstable_if action=reinterpret pc=0x000000000339a1f8 method=java.lang.String.startsWith(Ljava/lang/String;I)Z @ 25
Event: 1.105 Thread 0x00000000030d3800 Uncommon trap: reason=unstable_if action=reinterpret pc=0x00000000033c7c00 method=java.util.regex.Matcher.reset()Ljava/util/regex/Matcher; @ 47
Event: 1.105 Thread 0x00000000030d3800 Uncommon trap: reason=class_check action=maybe_recompile pc=0x00000000033c5dcc method=java.util.regex.Matcher.match(II)Z @ 86
Event: 1.105 Thread 0x00000000030d3800 Uncommon trap: reason=class_check action=maybe_recompile pc=0x00000000033c5dcc method=java.util.regex.Matcher.match(II)Z @ 86
Event: 1.106 Thread 0x00000000030d3800 Uncommon trap: reason=class_check action=maybe_recompile pc=0x00000000033c5dcc method=java.util.regex.Matcher.match(II)Z @ 86
Event: 1.106 Thread 0x00000000030d3800 Uncommon trap: reason=class_check action=maybe_recompile pc=0x00000000033c5dcc method=java.util.regex.Matcher.match(II)Z @ 86
Event: 1.110 Thread 0x00000000030d3800 Uncommon trap: reason=unstable_if action=reinterpret pc=0x00000000033136d0 method=java.util.regex.Pattern.has(I)Z @ 6

Classes redefined (0 events):
No events

Internal exceptions (10 events):
Event: 0.637 Thread 0x00000000030d3800 Exception <a 'java/security/PrivilegedActionException'> (0x00000000ff4e78f8) thrown at [C:\re\workspace\8-2-build-windows-amd64-cygwin\jdk8u211\12973\hotspot\src\share\vm\prims\jvm.cpp, line 1502]
Event: 0.637 Thread 0x00000000030d3800 Exception <a 'java/security/PrivilegedActionException'> (0x00000000ff4e7b08) thrown at [C:\re\workspace\8-2-build-windows-amd64-cygwin\jdk8u211\12973\hotspot\src\share\vm\prims\jvm.cpp, line 1502]
Event: 0.637 Thread 0x00000000030d3800 Exception <a 'java/security/PrivilegedActionException'> (0x00000000ff4eba18) thrown at [C:\re\workspace\8-2-build-windows-amd64-cygwin\jdk8u211\12973\hotspot\src\share\vm\prims\jvm.cpp, line 1502]
Event: 0.638 Thread 0x00000000030d3800 Exception <a 'java/security/PrivilegedActionException'> (0x00000000ff4ebc28) thrown at [C:\re\workspace\8-2-build-windows-amd64-cygwin\jdk8u211\12973\hotspot\src\share\vm\prims\jvm.cpp, line 1502]
Event: 0.976 Thread 0x00000000030d3800 Exception <a 'java/lang/ArrayIndexOutOfBoundsException': 100> (0x00000000ff96e610) thrown at [C:\re\workspace\8-2-build-windows-amd64-cygwin\jdk8u211\12973\hotspot\src\share\vm\interpreter\interpreterRuntime.cpp, line 368]
Event: 0.977 Thread 0x00000000030d3800 Exception <a 'java/lang/ArrayIndexOutOfBoundsException': 18> (0x00000000ff96f4f8) thrown at [C:\re\workspace\8-2-build-windows-amd64-cygwin\jdk8u211\12973\hotspot\src\share\vm\interpreter\interpreterRuntime.cpp, line 368]
Event: 0.978 Thread 0x00000000030d3800 Exception <a 'java/lang/ArrayIndexOutOfBoundsException': 40> (0x00000000ff970180) thrown at [C:\re\workspace\8-2-build-windows-amd64-cygwin\jdk8u211\12973\hotspot\src\share\vm\interpreter\interpreterRuntime.cpp, line 368]
Event: 1.122 Thread 0x00000000030d3800 Exception <a 'java/lang/ArrayIndexOutOfBoundsException'> (0x00000000fee09320) thrown at [C:\re\workspace\8-2-build-windows-amd64-cygwin\jdk8u211\12973\hotspot\src\share\vm\runtime\sharedRuntime.cpp, line 605]
Event: 1.122 Thread 0x00000000030d3800 Exception <a 'java/lang/ArrayIndexOutOfBoundsException'> (0x00000000fee0a1e0) thrown at [C:\re\workspace\8-2-build-windows-amd64-cygwin\jdk8u211\12973\hotspot\src\share\vm\runtime\sharedRuntime.cpp, line 605]
Event: 1.228 Thread 0x00000000030d3800 Exception <a 'java/lang/NoClassDefFoundError': org/slf4j/impl/StaticMarkerBinder> (0x00000000ff36d2f8) thrown at [C:\re\workspace\8-2-build-windows-amd64-cygwin\jdk8u211\12973\hotspot\src\share\vm\classfile\systemDictionary.cpp, line 199]

Events (10 events):
Event: 1.243 loading class org/gradle/internal/event/ListenerManager
Event: 1.243 loading class org/gradle/internal/event/ListenerManager done
Event: 1.244 loading class org/gradle/internal/concurrent/ExecutorFactory
Event: 1.244 loading class org/gradle/internal/concurrent/ExecutorFactory done
Event: 1.244 loading class org/gradle/cache/internal/ProcessMetaDataProvider
Event: 1.244 loading class org/gradle/cache/internal/ProcessMetaDataProvider done
Event: 1.245 loading class org/gradle/cache/FileLockManager
Event: 1.245 loading class org/gradle/cache/FileLockManager done
Event: 1.245 loading class org/gradle/internal/jvm/inspection/JvmVersionDetector
Event: 1.245 loading class org/gradle/internal/jvm/inspection/JvmVersionDetector done


Dynamic libraries:
0x00007ff683760000 - 0x00007ff683797000 	C:\Program Files\Java\jdk1.8.0_211\bin\java.exe
0x00007ffacc360000 - 0x00007ffacc550000 	C:\WINDOWS\SYSTEM32\ntdll.dll
0x00007ffacac50000 - 0x00007ffacad02000 	C:\WINDOWS\System32\KERNEL32.DLL
0x00007ffac9e70000 - 0x00007ffaca114000 	C:\WINDOWS\System32\KERNELBASE.dll
0x00007ffacb6c0000 - 0x00007ffacb763000 	C:\WINDOWS\System32\ADVAPI32.dll
0x00007ffaca7d0000 - 0x00007ffaca86e000 	C:\WINDOWS\System32\msvcrt.dll
0x00007ffacc130000 - 0x00007ffacc1c7000 	C:\WINDOWS\System32\sechost.dll
0x00007ffacaac0000 - 0x00007ffacabe0000 	C:\WINDOWS\System32\RPCRT4.dll
0x00007ffaca870000 - 0x00007ffacaa04000 	C:\WINDOWS\System32\USER32.dll
0x00007ffaca290000 - 0x00007ffaca2b1000 	C:\WINDOWS\System32\win32u.dll
0x00007ffacb4b0000 - 0x00007ffacb4d6000 	C:\WINDOWS\System32\GDI32.dll
0x00007ffac9410000 - 0x00007ffac95a6000 	C:\WINDOWS\System32\gdi32full.dll
0x00007ffaca1f0000 - 0x00007ffaca28e000 	C:\WINDOWS\System32\msvcp_win.dll
0x00007ffac9310000 - 0x00007ffac940a000 	C:\WINDOWS\System32\ucrtbase.dll
0x00007ffab9d80000 - 0x00007ffaba004000 	C:\WINDOWS\WinSxS\amd64_microsoft.windows.common-controls_6595b64144ccf1df_6.0.18362.959_none_e6c7bbbf130c62bb\COMCTL32.dll
0x00007ffaca420000 - 0x00007ffaca755000 	C:\WINDOWS\System32\combase.dll
0x00007ffac9610000 - 0x00007ffac9690000 	C:\WINDOWS\System32\bcryptPrimitives.dll
0x00007ffacaa90000 - 0x00007ffacaabe000 	C:\WINDOWS\System32\IMM32.DLL
0x0000000058890000 - 0x0000000058962000 	C:\Program Files\Java\jdk1.8.0_211\jre\bin\msvcr100.dll
0x0000000057610000 - 0x0000000057eb5000 	C:\Program Files\Java\jdk1.8.0_211\jre\bin\server\jvm.dll
0x00007ffacc310000 - 0x00007ffacc318000 	C:\WINDOWS\System32\PSAPI.DLL
0x00007ffaba440000 - 0x00007ffaba449000 	C:\WINDOWS\SYSTEM32\WSOCK32.dll
0x00007ffaca760000 - 0x00007ffaca7cf000 	C:\WINDOWS\System32\WS2_32.dll
0x00007ffac1be0000 - 0x00007ffac1c04000 	C:\WINDOWS\SYSTEM32\WINMM.dll
0x00007ffac38f0000 - 0x00007ffac38fa000 	C:\WINDOWS\SYSTEM32\VERSION.dll
0x00007ffac1bb0000 - 0x00007ffac1bdd000 	C:\WINDOWS\SYSTEM32\winmmbase.dll
0x00007ffac9690000 - 0x00007ffac96da000 	C:\WINDOWS\System32\cfgmgr32.dll
0x00007ffac5040000 - 0x00007ffac504f000 	C:\Program Files\Java\jdk1.8.0_211\jre\bin\verify.dll
0x00007ffa92ce0000 - 0x00007ffa92d09000 	C:\Program Files\Java\jdk1.8.0_211\jre\bin\java.dll
0x00007ffab8c20000 - 0x00007ffab8c36000 	C:\Program Files\Java\jdk1.8.0_211\jre\bin\zip.dll
0x00007ffacad10000 - 0x00007ffacb3f6000 	C:\WINDOWS\System32\SHELL32.dll
0x00007ffacb400000 - 0x00007ffacb4a9000 	C:\WINDOWS\System32\shcore.dll
0x00007ffac96e0000 - 0x00007ffac9e62000 	C:\WINDOWS\System32\windows.storage.dll
0x00007ffac92b0000 - 0x00007ffac92d3000 	C:\WINDOWS\System32\profapi.dll
0x00007ffac9240000 - 0x00007ffac928a000 	C:\WINDOWS\System32\powrprof.dll
0x00007ffac9210000 - 0x00007ffac9220000 	C:\WINDOWS\System32\UMPDC.dll
0x00007ffacbb40000 - 0x00007ffacbb92000 	C:\WINDOWS\System32\shlwapi.dll
0x00007ffac9220000 - 0x00007ffac9231000 	C:\WINDOWS\System32\kernel.appcore.dll
0x00007ffaca120000 - 0x00007ffaca137000 	C:\WINDOWS\System32\cryptsp.dll
0x00007ffa9d2c0000 - 0x00007ffa9d2da000 	C:\Program Files\Java\jdk1.8.0_211\jre\bin\net.dll
0x00007ffaba8e0000 - 0x00007ffabaab6000 	C:\WINDOWS\SYSTEM32\urlmon.dll
0x00007ffaba630000 - 0x00007ffaba8d6000 	C:\WINDOWS\SYSTEM32\iertutil.dll
0x00007ffac8c50000 - 0x00007ffac8c5c000 	C:\WINDOWS\SYSTEM32\CRYPTBASE.DLL
0x00007ffac8a80000 - 0x00007ffac8ae7000 	C:\WINDOWS\system32\mswsock.dll
0x00007ffa9d170000 - 0x00007ffa9d182000 	C:\Program Files\Java\jdk1.8.0_211\jre\bin\nio.dll
0x00007ffa91430000 - 0x00007ffa9145a000 	C:\Users\Adminis\.gradle\native\36\windows-amd64\native-platform.dll
0x00007ffac3330000 - 0x00007ffac333a000 	C:\Users\Adminis\.gradle\native\jansi\1.18\windows64\jansi.dll

VM Arguments:
jvm_args: -Xmx64m -Xms64m -Dorg.gradle.appname=gradlew 
java_command: org.gradle.wrapper.GradleWrapperMain app:installDebug -PreactNativeDevServerPort=8081
java_class_path (initial): C:\Users\Adminis\LacVietAuction-master\LacVietAuction-master\android\\gradle\wrapper\gradle-wrapper.jar
Launcher Type: SUN_STANDARD

Environment Variables:
JAVA_HOME=C:\Program Files\Java\jdk1.8.0_211
CLASSPATH=C:\Users\Adminis\LacVietAuction-master\LacVietAuction-master\android\\gradle\wrapper\gradle-wrapper.jar
PATH=C:\Users\Adminis\LacVietAuction-master\LacVietAuction-master\android\node_modules\.bin;C:\Users\Adminis\LacVietAuction-master\LacVietAuction-master\node_modules\.bin;C:\Users\Adminis\LacVietAuction-master\node_modules\.bin;C:\Users\Adminis\node_modules\.bin;C:\Users\node_modules\.bin;C:\node_modules\.bin;C:\Program Files\nodejs;C:\Users\Adminis\bin;C:\Program Files\Git\mingw64\bin;C:\Program Files\Git\usr\local\bin;C:\Program Files\Git\usr\bin;C:\Program Files\Git\usr\bin;C:\Program Files\Git\mingw64\bin;C:\Program Files\Git\usr\bin;C:\Users\Adminis\bin;C:\Python27;C:\Python27\Scripts;C:\Program Files\Microsoft MPI\Bin;C:\WINDOWS\system32;C:\WINDOWS;C:\WINDOWS\System32\Wbem;C:\WINDOWS\System32\WindowsPowerShell\v1.0;C:\WINDOWS\System32\OpenSSH;C:\Program Files\Microsoft SQL Server\130\Tools\Binn;C:\Program Files\Microsoft SQL Server\Client SDK\ODBC\130\Tools\Binn;C:\Program Files (x86)\Microsoft SQL Server\140\Tools\Binn;C:\Program Files\Microsoft SQL Server\140\Tools\Binn;C:\Program Files\Microsoft SQL Server\140\DTS\Binn;C:\xampp\php;C:\composer;C:\Program Files\Git\cmd;C:\Program Files\Microsoft SQL Server\Client SDK\ODBC\170\Tools\Binn;C:\Program Files (x86)\Microsoft SQL Server\110\DTS\Binn;C:\Program Files (x86)\Microsoft SQL Server\Client SDK\ODBC\130\Tools\Binn;C:\Program Files (x86)\Microsoft SQL Server\140\DTS\Binn;C:\Program Files (x86)\Microsoft SQL Server\140\Tools\Binn\ManagementStudio;C:\Program Files\dotnet;%ANDROID_HOME%;C:\ProgramData\chocolatey\bin;C:\Program Files\nodejs;C:\Program Files\Java\jdk1.8.0_211\bin;C:\Program Files\TortoiseGit\bin;C:\Users\Adminis\AppData\Local\Programs\Microsoft VS Code\bin;C:\Users\Adminis\AppData\Local\Microsoft\WindowsApps;C:\Users\Adminis\AppData\Roaming\Composer\vendor\bin;C:\Users\Adminis\AppData\Roaming\npm;C:\Program Files\Git\usr\bin\vendor_perl;C:\Program Files\Git\usr\bin\core_perl
USERNAME=Adminis
SHELL=C:\Program Files\Git\usr\bin\bash.exe
DISPLAY=needs-to-be-defined
OS=Windows_NT
PROCESSOR_IDENTIFIER=Intel64 Family 6 Model 78 Stepping 3, GenuineIntel



---------------  S Y S T E M  ---------------

OS: Windows 10.0 , 64 bit Build 18362 (10.0.18362.959)

CPU:total 4 (initial active 4) (2 cores per cpu, 2 threads per core) family 6 model 78 stepping 3, cmov, cx8, fxsr, mmx, sse, sse2, sse3, ssse3, sse4.1, sse4.2, popcnt, avx, avx2, aes, clmul, erms, 3dnowpref, lzcnt, ht, tsc, tscinvbit, bmi1, bmi2, adx

Memory: 4k page, physical 12443776k(1977844k free), swap 12443776k(5180k free)

vm_info: Java HotSpot(TM) 64-Bit Server VM (25.211-b12) for windows-amd64 JRE (1.8.0_211-b12), built on Apr  1 2019 20:53:26 by "java_re" with MS VC++ 10.0 (VS2010)

time: Tue Jul 28 20:32:00 2020
timezone: SE Asia Standard Time
elapsed time: 1 seconds (0d 0h 0m 1s)

