#
# There is insufficient memory for the Java Runtime Environment to continue.
# Native memory allocation (malloc) failed to allocate 32744 bytes for ChunkPool::allocate
# Possible reasons:
#   The system is out of physical RAM or swap space
#   The process is running with CompressedOops enabled, and the Java Heap may be blocking the growth of the native heap
# Possible solutions:
#   Reduce memory load on the system
#   Increase physical memory or swap space
#   Check if swap backing store is full
#   Decrease Java heap size (-Xmx/-Xms)
#   Decrease number of Java threads
#   Decrease Java thread stack sizes (-Xss)
#   Set larger code cache with -XX:ReservedCodeCacheSize=
#   JVM is running with Unscaled Compressed Oops mode in which the Java heap is
#     placed in the first 4GB address space. The Java Heap base address is the
#     maximum limit for the native heap growth. Please use -XX:HeapBaseMinAddress
#     to set the Java Heap base and to place the Java Heap above 4GB virtual address.
# This output file may be truncated or incomplete.
#
#  Out of Memory Error (allocation.cpp:272), pid=15004, tid=0x0000000000003d68
#
# JRE version: Java(TM) SE Runtime Environment (8.0_211-b12) (build 1.8.0_211-b12)
# Java VM: Java HotSpot(TM) 64-Bit Server VM (25.211-b12 mixed mode windows-amd64 compressed oops)
# Failed to write core dump. Minidumps are not enabled by default on client versions of Windows
#

---------------  T H R E A D  ---------------

Current thread (0x00000000145c3800):  JavaThread "C2 CompilerThread0" daemon [_thread_in_native, id=15720, stack(0x0000000015c20000,0x0000000015d20000)]

Stack: [0x0000000015c20000,0x0000000015d20000]
[error occurred during error reporting (printing stack bounds), id 0xc0000005]

Native frames: (J=compiled Java code, j=interpreted, Vv=VM code, C=native code)


Current CompileTask:
C2: 112308 12781       4       java.util.regex.Matcher::replaceAll (59 bytes)


---------------  P R O C E S S  ---------------

Java Threads: ( => current thread )
  0x0000000016dd5800 JavaThread "Cache worker for Build Output Cleanup Cache (C:\Users\Adminis\LVAution\android\.gradle\buildOutputCleanup)" [_thread_blocked, id=3692, stack(0x00000000224c0000,0x00000000225c0000)]
  0x0000000016dd6800 JavaThread "Build operations Thread 4" [_thread_blocked, id=3680, stack(0x00000000223c0000,0x00000000224c0000)]
  0x0000000016dd8800 JavaThread "Build operations Thread 3" [_thread_blocked, id=5384, stack(0x00000000222c0000,0x00000000223c0000)]
  0x0000000016dd8000 JavaThread "Build operations Thread 2" [_thread_blocked, id=13196, stack(0x0000000020730000,0x0000000020830000)]
  0x0000000016dda000 JavaThread "Build operations" [_thread_blocked, id=9924, stack(0x000000001edc0000,0x000000001eec0000)]
  0x0000000016dd7000 JavaThread "AWT-Windows" daemon [_thread_in_native, id=9996, stack(0x0000000021ec0000,0x0000000021fc0000)]
  0x000000001800a000 JavaThread "Java2D Disposer" daemon [_thread_blocked, id=12020, stack(0x0000000020030000,0x0000000020130000)]
  0x00000000168a5000 JavaThread "Cache worker for cache directory md-rule (C:\Users\Adminis\.gradle\caches\6.2\md-rule)" [_thread_blocked, id=14664, stack(0x000000001e4a0000,0x000000001e5a0000)]
  0x00000000168aa800 JavaThread "Cache worker for cache directory md-supplier (C:\Users\Adminis\.gradle\caches\6.2\md-supplier)" [_thread_blocked, id=2588, stack(0x000000001dc20000,0x000000001dd20000)]
  0x00000000168a9800 JavaThread "Cache worker for file hash cache (C:\Users\Adminis\LVAution\android\.gradle\6.2\fileHashes)" [_thread_blocked, id=11632, stack(0x000000001c6e0000,0x000000001c7e0000)]
  0x00000000168a7800 JavaThread "Cache worker for checksums cache (C:\Users\Adminis\LVAution\android\.gradle\checksums)" [_thread_blocked, id=16044, stack(0x0000000019e40000,0x0000000019f40000)]
  0x00000000168a9000 JavaThread "Thread-36" [_thread_blocked, id=6440, stack(0x0000000019d40000,0x0000000019e40000)]
  0x00000000168a8000 JavaThread "Stdin handler" [_thread_blocked, id=12764, stack(0x0000000019c40000,0x0000000019d40000)]
  0x000000001689d800 JavaThread "Asynchronous log dispatcher for DefaultDaemonConnection: socket connection from /127.0.0.1:62561 to /127.0.0.1:63913" [_thread_blocked, id=12592, stack(0x0000000019940000,0x0000000019a40000)]
  0x00000000168a2000 JavaThread "Daemon worker Thread 2" [_thread_in_vm, id=3216, stack(0x0000000019640000,0x0000000019740000)]
  0x000000001689f000 JavaThread "Cancel handler" [_thread_blocked, id=4804, stack(0x0000000001690000,0x0000000001790000)]
  0x00000000168a4800 JavaThread "Handler for socket connection from /127.0.0.1:62561 to /127.0.0.1:63913" [_thread_in_native, id=2800, stack(0x0000000001590000,0x0000000001690000)]
  0x000000001689e000 JavaThread "Daemon Thread 2" [_thread_blocked, id=4532, stack(0x0000000001490000,0x0000000001590000)]
  0x00000000168ac000 JavaThread "Device List Monitor" [_thread_in_native, id=11488, stack(0x0000000022cf0000,0x0000000022df0000)]
  0x00000000168ab000 JavaThread "Monitor" [_thread_in_native, id=2852, stack(0x0000000022bf0000,0x0000000022cf0000)]
  0x00000000168a1800 JavaThread "Cache worker for file content cache (C:\Users\Adminis\.gradle\caches\6.2\fileContent)" [_thread_blocked, id=8736, stack(0x00000000219b0000,0x0000000021ab0000)]
  0x000000001689f800 JavaThread "Memory manager" [_thread_blocked, id=8884, stack(0x0000000021030000,0x0000000021130000)]
  0x00000000168a3000 JavaThread "Cache worker for execution history cache (C:\Users\Adminis\.gradle\caches\6.2\executionHistory)" [_thread_blocked, id=2996, stack(0x000000001dd20000,0x000000001de20000)]
  0x000000001800b800 JavaThread "Cache worker for file hash cache (C:\Users\Adminis\.gradle\caches\6.2\fileHashes)" [_thread_blocked, id=14964, stack(0x000000001a340000,0x000000001a440000)]
  0x000000001800c800 JavaThread "File lock request listener" [_thread_in_native, id=9504, stack(0x000000001a240000,0x000000001a340000)]
  0x0000000018009800 JavaThread "Cache worker for journal cache (C:\Users\Adminis\.gradle\caches\journal-1)" [_thread_blocked, id=11460, stack(0x000000001a140000,0x000000001a240000)]
  0x000000001800d800 JavaThread "Daemon periodic checks" [_thread_blocked, id=14100, stack(0x0000000019540000,0x0000000019640000)]
  0x0000000017eff800 JavaThread "Incoming local TCP Connector on port 62561" [_thread_in_native, id=7920, stack(0x0000000019300000,0x0000000019400000)]
  0x0000000017fa1000 JavaThread "Daemon health stats" [_thread_blocked, id=5584, stack(0x0000000018cc0000,0x0000000018dc0000)]
  0x000000001461e800 JavaThread "Service Thread" daemon [_thread_blocked, id=6632, stack(0x0000000016320000,0x0000000016420000)]
  0x00000000145d0800 JavaThread "C1 CompilerThread2" daemon [_thread_in_native, id=1796, stack(0x0000000015e20000,0x0000000015f20000)]
  0x00000000145c7800 JavaThread "C2 CompilerThread1" daemon [_thread_in_native, id=12136, stack(0x0000000015d20000,0x0000000015e20000)]
=>0x00000000145c3800 JavaThread "C2 CompilerThread0" daemon [_thread_in_native, id=15720, stack(0x0000000015c20000,0x0000000015d20000)]
  0x00000000145c2000 JavaThread "Attach Listener" daemon [_thread_blocked, id=15928, stack(0x0000000015b20000,0x0000000015c20000)]
  0x00000000145bf000 JavaThread "Signal Dispatcher" daemon [_thread_blocked, id=9044, stack(0x0000000015a20000,0x0000000015b20000)]
  0x000000000314d800 JavaThread "Finalizer" daemon [_thread_blocked, id=9412, stack(0x0000000015820000,0x0000000015920000)]
  0x0000000003144800 JavaThread "Reference Handler" daemon [_thread_blocked, id=13192, stack(0x0000000015720000,0x0000000015820000)]
  0x0000000003052800 JavaThread "main" [_thread_blocked, id=9876, stack(0x0000000001790000,0x0000000001890000)]

Other Threads:
  0x0000000014587800 VMThread [stack: 0x0000000015620000,0x0000000015720000] [id=8672]
  0x0000000015f6f000 WatcherThread [stack: 0x0000000016420000,0x0000000016520000] [id=16152]

VM state:not at safepoint (normal execution)

VM Mutex/Monitor currently owned by a thread: None

heap address: 0x00000000e0000000, size: 512 MB, Compressed Oops mode: 32-bit
Narrow klass base: 0x0000000000000000, Narrow klass shift: 3
Compressed class space size: 1073741824 Address: 0x0000000100000000

Heap:
 PSYoungGen      total 137728K, used 92795K [0x00000000f5580000, 0x0000000100000000, 0x0000000100000000)
  eden space 102400K, 66% used [0x00000000f5580000,0x00000000f984bee0,0x00000000fb980000)
  from space 35328K, 69% used [0x00000000fb980000,0x00000000fd152d20,0x00000000fdc00000)
  to   space 36352K, 0% used [0x00000000fdc80000,0x00000000fdc80000,0x0000000100000000)
 ParOldGen       total 217088K, used 69587K [0x00000000e0000000, 0x00000000ed400000, 0x00000000f5580000)
  object space 217088K, 32% used [0x00000000e0000000,0x00000000e43f4dd0,0x00000000ed400000)
 Metaspace       used 78125K, capacity 83170K, committed 83456K, reserved 1120256K
  class space    used 10619K, capacity 11743K, committed 11776K, reserved 1048576K

Card table byte_map: [0x0000000012560000,0x0000000012670000] byte_map_base: 0x0000000011e60000

Marking Bits: (ParMarkBitMap*) 0x0000000065a85ce0
 Begin Bits: [0x0000000012b20000, 0x0000000013320000)
 End Bits:   [0x0000000013320000, 0x0000000013b20000)

Polling page: 0x0000000001290000

CodeCache: size=245760Kb used=33196Kb max_used=33201Kb free=212563Kb
 bounds [0x00000000031a0000, 0x0000000005230000, 0x00000000121a0000]
 total_blobs=11565 nmethods=10693 adapters=783
 compilation: enabled

Compilation events (10 events):
Event: 112.283 Thread 0x00000000145d0800 12780   !   3       java.util.regex.Pattern$Neg::match (124 bytes)
Event: 112.284 Thread 0x00000000145d0800 nmethod 12780 0x000000000522af90 code [0x000000000522b140, 0x000000000522b918]
Event: 112.285 Thread 0x00000000145c3800 12781       4       java.util.regex.Matcher::replaceAll (59 bytes)
Event: 112.288 Thread 0x00000000145d0800 12782       1       com.sun.xml.bind.v2.runtime.unmarshaller.UnmarshallingContext$State::getContext (5 bytes)
Event: 112.288 Thread 0x00000000145d0800 nmethod 12782 0x000000000521a150 code [0x000000000521a2a0, 0x000000000521a3b0]
Event: 112.292 Thread 0x00000000145d0800 12783       3       com.sun.org.apache.xerces.internal.util.ParserConfigurationSettings::addRecognizedFeatures (56 bytes)
Event: 112.293 Thread 0x00000000145d0800 nmethod 12783 0x000000000522a790 code [0x000000000522a920, 0x000000000522ad98]
Event: 112.294 Thread 0x00000000145d0800 12785       3       com.sun.xml.bind.v2.runtime.unmarshaller.UnmarshallingContext::expectText (11 bytes)
Event: 112.294 Thread 0x00000000145d0800 nmethod 12785 0x000000000521ce10 code [0x000000000521cf60, 0x000000000521d0d0]
Event: 112.305 Thread 0x00000000145d0800 12786       3       com.sun.org.apache.xerces.internal.impl.XMLEntityScanner::scanQName (502 bytes)

GC Heap History (10 events):
Event: 23.929 GC heap before
{Heap before GC invocations=14 (full 3):
 PSYoungGen      total 150528K, used 139894K [0x00000000f5580000, 0x0000000100000000, 0x0000000100000000)
  eden space 125440K, 100% used [0x00000000f5580000,0x00000000fd000000,0x00000000fd000000)
  from space 25088K, 57% used [0x00000000fe780000,0x00000000ff59db98,0x0000000100000000)
  to   space 24064K, 0% used [0x00000000fd000000,0x00000000fd000000,0x00000000fe780000)
 ParOldGen       total 217088K, used 33953K [0x00000000e0000000, 0x00000000ed400000, 0x00000000f5580000)
  object space 217088K, 15% used [0x00000000e0000000,0x00000000e21287a8,0x00000000ed400000)
 Metaspace       used 66350K, capacity 70034K, committed 70144K, reserved 1110016K
  class space    used 9247K, capacity 10161K, committed 10240K, reserved 1048576K
Event: 23.967 GC heap after
Heap after GC invocations=14 (full 3):
 PSYoungGen      total 149504K, used 24049K [0x00000000f5580000, 0x0000000100000000, 0x0000000100000000)
  eden space 125440K, 0% used [0x00000000f5580000,0x00000000f5580000,0x00000000fd000000)
  from space 24064K, 99% used [0x00000000fd000000,0x00000000fe77c4d0,0x00000000fe780000)
  to   space 25088K, 0% used [0x00000000fe780000,0x00000000fe780000,0x0000000100000000)
 ParOldGen       total 217088K, used 36876K [0x00000000e0000000, 0x00000000ed400000, 0x00000000f5580000)
  object space 217088K, 16% used [0x00000000e0000000,0x00000000e2403028,0x00000000ed400000)
 Metaspace       used 66350K, capacity 70034K, committed 70144K, reserved 1110016K
  class space    used 9247K, capacity 10161K, committed 10240K, reserved 1048576K
}
Event: 25.886 GC heap before
{Heap before GC invocations=15 (full 3):
 PSYoungGen      total 149504K, used 149489K [0x00000000f5580000, 0x0000000100000000, 0x0000000100000000)
  eden space 125440K, 100% used [0x00000000f5580000,0x00000000fd000000,0x00000000fd000000)
  from space 24064K, 99% used [0x00000000fd000000,0x00000000fe77c4d0,0x00000000fe780000)
  to   space 25088K, 0% used [0x00000000fe780000,0x00000000fe780000,0x0000000100000000)
 ParOldGen       total 217088K, used 36876K [0x00000000e0000000, 0x00000000ed400000, 0x00000000f5580000)
  object space 217088K, 16% used [0x00000000e0000000,0x00000000e2403028,0x00000000ed400000)
 Metaspace       used 68755K, capacity 72998K, committed 73216K, reserved 1112064K
  class space    used 9613K, capacity 10625K, committed 10752K, reserved 1048576K
Event: 25.930 GC heap after
Heap after GC invocations=15 (full 3):
 PSYoungGen      total 125952K, used 25056K [0x00000000f5580000, 0x0000000100000000, 0x0000000100000000)
  eden space 100864K, 0% used [0x00000000f5580000,0x00000000f5580000,0x00000000fb800000)
  from space 25088K, 99% used [0x00000000fe780000,0x00000000ffff8010,0x0000000100000000)
  to   space 36864K, 0% used [0x00000000fb800000,0x00000000fb800000,0x00000000fdc00000)
 ParOldGen       total 217088K, used 52948K [0x00000000e0000000, 0x00000000ed400000, 0x00000000f5580000)
  object space 217088K, 24% used [0x00000000e0000000,0x00000000e33b51f0,0x00000000ed400000)
 Metaspace       used 68755K, capacity 72998K, committed 73216K, reserved 1112064K
  class space    used 9613K, capacity 10625K, committed 10752K, reserved 1048576K
}
Event: 27.672 GC heap before
{Heap before GC invocations=16 (full 3):
 PSYoungGen      total 125952K, used 125920K [0x00000000f5580000, 0x0000000100000000, 0x0000000100000000)
  eden space 100864K, 100% used [0x00000000f5580000,0x00000000fb800000,0x00000000fb800000)
  from space 25088K, 99% used [0x00000000fe780000,0x00000000ffff8010,0x0000000100000000)
  to   space 36864K, 0% used [0x00000000fb800000,0x00000000fb800000,0x00000000fdc00000)
 ParOldGen       total 217088K, used 52948K [0x00000000e0000000, 0x00000000ed400000, 0x00000000f5580000)
  object space 217088K, 24% used [0x00000000e0000000,0x00000000e33b51f0,0x00000000ed400000)
 Metaspace       used 69745K, capacity 74218K, committed 74496K, reserved 1114112K
  class space    used 9737K, capacity 10723K, committed 10752K, reserved 1048576K
Event: 27.705 GC heap after
Heap after GC invocations=16 (full 3):
 PSYoungGen      total 137728K, used 13936K [0x00000000f5580000, 0x0000000100000000, 0x0000000100000000)
  eden space 100864K, 0% used [0x00000000f5580000,0x00000000f5580000,0x00000000fb800000)
  from space 36864K, 37% used [0x00000000fb800000,0x00000000fc59c050,0x00000000fdc00000)
  to   space 35328K, 0% used [0x00000000fdd80000,0x00000000fdd80000,0x0000000100000000)
 ParOldGen       total 217088K, used 69571K [0x00000000e0000000, 0x00000000ed400000, 0x00000000f5580000)
  object space 217088K, 32% used [0x00000000e0000000,0x00000000e43f0dd0,0x00000000ed400000)
 Metaspace       used 69745K, capacity 74218K, committed 74496K, reserved 1114112K
  class space    used 9737K, capacity 10723K, committed 10752K, reserved 1048576K
}
Event: 29.345 GC heap before
{Heap before GC invocations=17 (full 3):
 PSYoungGen      total 137728K, used 114800K [0x00000000f5580000, 0x0000000100000000, 0x0000000100000000)
  eden space 100864K, 100% used [0x00000000f5580000,0x00000000fb800000,0x00000000fb800000)
  from space 36864K, 37% used [0x00000000fb800000,0x00000000fc59c050,0x00000000fdc00000)
  to   space 35328K, 0% used [0x00000000fdd80000,0x00000000fdd80000,0x0000000100000000)
 ParOldGen       total 217088K, used 69571K [0x00000000e0000000, 0x00000000ed400000, 0x00000000f5580000)
  object space 217088K, 32% used [0x00000000e0000000,0x00000000e43f0dd0,0x00000000ed400000)
 Metaspace       used 72249K, capacity 76920K, committed 77184K, reserved 1116160K
  class space    used 10066K, capacity 11090K, committed 11136K, reserved 1048576K
Event: 29.369 GC heap after
Heap after GC invocations=17 (full 3):
 PSYoungGen      total 136192K, used 22190K [0x00000000f5580000, 0x00000000ffe80000, 0x0000000100000000)
  eden space 102400K, 0% used [0x00000000f5580000,0x00000000f5580000,0x00000000fb980000)
  from space 33792K, 65% used [0x00000000fdd80000,0x00000000ff32ba88,0x00000000ffe80000)
  to   space 35328K, 0% used [0x00000000fb980000,0x00000000fb980000,0x00000000fdc00000)
 ParOldGen       total 217088K, used 69579K [0x00000000e0000000, 0x00000000ed400000, 0x00000000f5580000)
  object space 217088K, 32% used [0x00000000e0000000,0x00000000e43f2dd0,0x00000000ed400000)
 Metaspace       used 72249K, capacity 76920K, committed 77184K, reserved 1116160K
  class space    used 10066K, capacity 11090K, committed 11136K, reserved 1048576K
}
Event: 30.765 GC heap before
{Heap before GC invocations=18 (full 3):
 PSYoungGen      total 136192K, used 124590K [0x00000000f5580000, 0x00000000ffe80000, 0x0000000100000000)
  eden space 102400K, 100% used [0x00000000f5580000,0x00000000fb980000,0x00000000fb980000)
  from space 33792K, 65% used [0x00000000fdd80000,0x00000000ff32ba88,0x00000000ffe80000)
  to   space 35328K, 0% used [0x00000000fb980000,0x00000000fb980000,0x00000000fdc00000)
 ParOldGen       total 217088K, used 69579K [0x00000000e0000000, 0x00000000ed400000, 0x00000000f5580000)
  object space 217088K, 32% used [0x00000000e0000000,0x00000000e43f2dd0,0x00000000ed400000)
 Metaspace       used 72506K, capacity 77218K, committed 77440K, reserved 1116160K
  class space    used 10089K, capacity 11135K, committed 11136K, reserved 1048576K
Event: 30.789 GC heap after
Heap after GC invocations=18 (full 3):
 PSYoungGen      total 137728K, used 24395K [0x00000000f5580000, 0x0000000100000000, 0x0000000100000000)
  eden space 102400K, 0% used [0x00000000f5580000,0x00000000f5580000,0x00000000fb980000)
  from space 35328K, 69% used [0x00000000fb980000,0x00000000fd152d20,0x00000000fdc00000)
  to   space 36352K, 0% used [0x00000000fdc80000,0x00000000fdc80000,0x0000000100000000)
 ParOldGen       total 217088K, used 69587K [0x00000000e0000000, 0x00000000ed400000, 0x00000000f5580000)
  object space 217088K, 32% used [0x00000000e0000000,0x00000000e43f4dd0,0x00000000ed400000)
 Metaspace       used 72506K, capacity 77218K, committed 77440K, reserved 1116160K
  class space    used 10089K, capacity 11135K, committed 11136K, reserved 1048576K
}

Deoptimization events (10 events):
Event: 102.166 Thread 0x00000000168a2000 Uncommon trap: reason=unstable_if action=reinterpret pc=0x000000000465a844 method=org.apache.commons.io.FilenameUtils.doNormalize(Ljava/lang/String;CZ)Ljava/lang/String; @ 501
Event: 102.168 Thread 0x00000000168a2000 Uncommon trap: reason=unstable_if action=reinterpret pc=0x00000000050cf1b8 method=java.util.ArrayList.remove(Ljava/lang/Object;)Z @ 46
Event: 102.169 Thread 0x00000000168a2000 Uncommon trap: reason=bimorphic action=maybe_recompile pc=0x000000000361eda4 method=java.util.stream.ReferencePipeline.forEachWithCancel(Ljava/util/Spliterator;Ljava/util/stream/Sink;)V @ 1
Event: 102.169 Thread 0x00000000168a2000 Uncommon trap: reason=bimorphic action=maybe_recompile pc=0x000000000361eda4 method=java.util.stream.ReferencePipeline.forEachWithCancel(Ljava/util/Spliterator;Ljava/util/stream/Sink;)V @ 1
Event: 102.169 Thread 0x00000000168a2000 Uncommon trap: reason=bimorphic action=maybe_recompile pc=0x000000000361eda4 method=java.util.stream.ReferencePipeline.forEachWithCancel(Ljava/util/Spliterator;Ljava/util/stream/Sink;)V @ 1
Event: 102.169 Thread 0x00000000168a2000 Uncommon trap: reason=bimorphic action=maybe_recompile pc=0x000000000361eda4 method=java.util.stream.ReferencePipeline.forEachWithCancel(Ljava/util/Spliterator;Ljava/util/stream/Sink;)V @ 1
Event: 102.169 Thread 0x00000000168a2000 Uncommon trap: reason=bimorphic action=maybe_recompile pc=0x0000000004bf9200 method=java.util.stream.ReferencePipeline.forEachWithCancel(Ljava/util/Spliterator;Ljava/util/stream/Sink;)V @ 1
Event: 112.001 Thread 0x00000000168a2000 Uncommon trap: reason=class_check action=maybe_recompile pc=0x0000000003ad5528 method=java.util.stream.ReduceOps$ReduceOp.evaluateSequential(Ljava/util/stream/PipelineHelper;Ljava/util/Spliterator;)Ljava/lang/Object; @ 2
Event: 112.065 Thread 0x00000000168a2000 Uncommon trap: reason=class_check action=maybe_recompile pc=0x0000000003ad5528 method=java.util.stream.ReduceOps$ReduceOp.evaluateSequential(Ljava/util/stream/PipelineHelper;Ljava/util/Spliterator;)Ljava/lang/Object; @ 2
Event: 112.230 Thread 0x00000000168a2000 Uncommon trap: reason=null_check action=make_not_entrant pc=0x00000000051f6c70 method=org.gradle.api.internal.collections.CollectionFilter.filter(Ljava/lang/Object;)Ljava/lang/Object; @ 5

Classes redefined (0 events):
No events

Internal exceptions (10 events):
Event: 32.410 Thread 0x0000000018018000 Exception <a 'java/lang/NoSuchMethodError': <clinit>> (0x00000000f6fda860) thrown at [C:\re\workspace\8-2-build-windows-amd64-cygwin\jdk8u211\12973\hotspot\src\share\vm\prims\jni.cpp, line 1614]
Event: 32.411 Thread 0x0000000018018000 Exception <a 'java/lang/NoSuchMethodError': <clinit>> (0x00000000f6fdcd10) thrown at [C:\re\workspace\8-2-build-windows-amd64-cygwin\jdk8u211\12973\hotspot\src\share\vm\prims\jni.cpp, line 1614]
Event: 32.412 Thread 0x0000000018018000 Exception <a 'java/lang/NoSuchMethodError': <clinit>> (0x00000000f6fed020) thrown at [C:\re\workspace\8-2-build-windows-amd64-cygwin\jdk8u211\12973\hotspot\src\share\vm\prims\jni.cpp, line 1614]
Event: 32.412 Thread 0x0000000018018000 Exception <a 'java/lang/NoSuchMethodError': <clinit>> (0x00000000f6ff85b8) thrown at [C:\re\workspace\8-2-build-windows-amd64-cygwin\jdk8u211\12973\hotspot\src\share\vm\prims\jni.cpp, line 1614]
Event: 32.416 Thread 0x0000000018018000 Exception <a 'java/lang/NoSuchMethodError': <clinit>> (0x00000000f7016cc8) thrown at [C:\re\workspace\8-2-build-windows-amd64-cygwin\jdk8u211\12973\hotspot\src\share\vm\prims\jni.cpp, line 1614]
Event: 32.453 Thread 0x0000000018018000 Exception <a 'java/lang/NoSuchMethodError': <clinit>> (0x00000000f71ae940) thrown at [C:\re\workspace\8-2-build-windows-amd64-cygwin\jdk8u211\12973\hotspot\src\share\vm\prims\jni.cpp, line 1614]
Event: 32.457 Thread 0x0000000018018000 Exception <a 'java/lang/NoSuchMethodError': <clinit>> (0x00000000f71c7740) thrown at [C:\re\workspace\8-2-build-windows-amd64-cygwin\jdk8u211\12973\hotspot\src\share\vm\prims\jni.cpp, line 1614]
Event: 95.317 Thread 0x00000000168a2000 Implicit null exception at 0x0000000005063172 to 0x0000000005068831
Event: 99.302 Thread 0x00000000168a6000 Exception <a 'java/io/FileNotFoundException'> (0x00000000f7da4388) thrown at [C:\re\workspace\8-2-build-windows-amd64-cygwin\jdk8u211\12973\hotspot\src\share\vm\prims\jni.cpp, line 710]
Event: 112.230 Thread 0x00000000168a2000 Implicit null exception at 0x00000000051f6b23 to 0x00000000051f6c5d

Events (10 events):
Event: 112.230 Thread 0x00000000168a2000 DEOPT PACKING pc=0x00000000051f6c70 sp=0x000000001973be80
Event: 112.230 Thread 0x00000000168a2000 DEOPT UNPACKING pc=0x00000000031e583b sp=0x000000001973be28 mode 2
Event: 112.258 Executing VM operation: RevokeBias
Event: 112.258 Executing VM operation: RevokeBias done
Event: 112.260 Executing VM operation: RevokeBias
Event: 112.260 Executing VM operation: RevokeBias done
Event: 112.294 Thread 0x00000000168a2000 DEOPT PACKING pc=0x00000000044277e8 sp=0x0000000019736070
Event: 112.294 Thread 0x00000000168a2000 DEOPT UNPACKING pc=0x00000000031e7890 sp=0x0000000019735db0 mode 0
Event: 112.294 Thread 0x00000000168a2000 DEOPT PACKING pc=0x00000000044277e8 sp=0x0000000019736070
Event: 112.294 Thread 0x00000000168a2000 DEOPT UNPACKING pc=0x00000000031e7890 sp=0x0000000019735db0 mode 0


Dynamic libraries:
0x00007ff76a8c0000 - 0x00007ff76a8f7000 	C:\Program Files\Java\jdk1.8.0_211\bin\java.exe
0x00007ffe38c00000 - 0x00007ffe38df0000 	C:\WINDOWS\SYSTEM32\ntdll.dll
0x00007ffe36ee0000 - 0x00007ffe36f92000 	C:\WINDOWS\System32\KERNEL32.DLL
0x00007ffe368c0000 - 0x00007ffe36b64000 	C:\WINDOWS\System32\KERNELBASE.dll
0x00007ffe36cb0000 - 0x00007ffe36d53000 	C:\WINDOWS\System32\ADVAPI32.dll
0x00007ffe37c90000 - 0x00007ffe37d2e000 	C:\WINDOWS\System32\msvcrt.dll
0x00007ffe38b10000 - 0x00007ffe38ba7000 	C:\WINDOWS\System32\sechost.dll
0x00007ffe36d60000 - 0x00007ffe36e80000 	C:\WINDOWS\System32\RPCRT4.dll
0x00007ffe36fd0000 - 0x00007ffe37164000 	C:\WINDOWS\System32\USER32.dll
0x00007ffe36bd0000 - 0x00007ffe36bf1000 	C:\WINDOWS\System32\win32u.dll
0x00007ffe378b0000 - 0x00007ffe378d6000 	C:\WINDOWS\System32\GDI32.dll
0x00007ffe36330000 - 0x00007ffe364c6000 	C:\WINDOWS\System32\gdi32full.dll
0x00007ffe366d0000 - 0x00007ffe3676e000 	C:\WINDOWS\System32\msvcp_win.dll
0x00007ffe364d0000 - 0x00007ffe365ca000 	C:\WINDOWS\System32\ucrtbase.dll
0x00007ffe23d40000 - 0x00007ffe23fc4000 	C:\WINDOWS\WinSxS\amd64_microsoft.windows.common-controls_6595b64144ccf1df_6.0.18362.959_none_e6c7bbbf130c62bb\COMCTL32.dll
0x00007ffe37170000 - 0x00007ffe374a5000 	C:\WINDOWS\System32\combase.dll
0x00007ffe36c30000 - 0x00007ffe36cb0000 	C:\WINDOWS\System32\bcryptPrimitives.dll
0x00007ffe36fa0000 - 0x00007ffe36fce000 	C:\WINDOWS\System32\IMM32.DLL
0x0000000065b10000 - 0x0000000065be2000 	C:\Program Files\Java\jdk1.8.0_211\jre\bin\msvcr100.dll
0x0000000065260000 - 0x0000000065b05000 	C:\Program Files\Java\jdk1.8.0_211\jre\bin\server\jvm.dll
0x00007ffe38bb0000 - 0x00007ffe38bb8000 	C:\WINDOWS\System32\PSAPI.DLL
0x00007ffe2ea80000 - 0x00007ffe2eaa4000 	C:\WINDOWS\SYSTEM32\WINMM.dll
0x00007ffe2fc90000 - 0x00007ffe2fc9a000 	C:\WINDOWS\SYSTEM32\VERSION.dll
0x00007ffe24510000 - 0x00007ffe24519000 	C:\WINDOWS\SYSTEM32\WSOCK32.dll
0x00007ffe374b0000 - 0x00007ffe3751f000 	C:\WINDOWS\System32\WS2_32.dll
0x00007ffe2e2a0000 - 0x00007ffe2e2cd000 	C:\WINDOWS\SYSTEM32\winmmbase.dll
0x00007ffe36680000 - 0x00007ffe366ca000 	C:\WINDOWS\System32\cfgmgr32.dll
0x00007ffe31b50000 - 0x00007ffe31b5f000 	C:\Program Files\Java\jdk1.8.0_211\jre\bin\verify.dll
0x00007ffe30820000 - 0x00007ffe30849000 	C:\Program Files\Java\jdk1.8.0_211\jre\bin\java.dll
0x00007ffe30800000 - 0x00007ffe30816000 	C:\Program Files\Java\jdk1.8.0_211\jre\bin\zip.dll
0x00007ffe38220000 - 0x00007ffe38906000 	C:\WINDOWS\System32\SHELL32.dll
0x00007ffe37580000 - 0x00007ffe37629000 	C:\WINDOWS\System32\shcore.dll
0x00007ffe35b80000 - 0x00007ffe36302000 	C:\WINDOWS\System32\windows.storage.dll
0x00007ffe35ac0000 - 0x00007ffe35ae3000 	C:\WINDOWS\System32\profapi.dll
0x00007ffe35b10000 - 0x00007ffe35b5a000 	C:\WINDOWS\System32\powrprof.dll
0x00007ffe35ab0000 - 0x00007ffe35ac0000 	C:\WINDOWS\System32\UMPDC.dll
0x00007ffe37520000 - 0x00007ffe37572000 	C:\WINDOWS\System32\shlwapi.dll
0x00007ffe35af0000 - 0x00007ffe35b01000 	C:\WINDOWS\System32\kernel.appcore.dll
0x00007ffe36310000 - 0x00007ffe36327000 	C:\WINDOWS\System32\cryptsp.dll
0x00007ffe307e0000 - 0x00007ffe307fa000 	C:\Program Files\Java\jdk1.8.0_211\jre\bin\net.dll
0x00007ffe265f0000 - 0x00007ffe267c6000 	C:\WINDOWS\SYSTEM32\urlmon.dll
0x00007ffe28dd0000 - 0x00007ffe29076000 	C:\WINDOWS\SYSTEM32\iertutil.dll
0x00007ffe354f0000 - 0x00007ffe354fc000 	C:\WINDOWS\SYSTEM32\CRYPTBASE.DLL
0x00007ffe35320000 - 0x00007ffe35387000 	C:\WINDOWS\system32\mswsock.dll
0x00007ffe30780000 - 0x00007ffe30792000 	C:\Program Files\Java\jdk1.8.0_211\jre\bin\nio.dll
0x00007ffe30560000 - 0x00007ffe3058a000 	C:\Users\Adminis\.gradle\native\36\windows-amd64\native-platform.dll
0x00007ffe31af0000 - 0x00007ffe31afd000 	C:\Program Files\Java\jdk1.8.0_211\jre\bin\management.dll
0x00007ffe34e90000 - 0x00007ffe34ec3000 	C:\WINDOWS\system32\rsaenh.dll
0x00007ffe36c00000 - 0x00007ffe36c26000 	C:\WINDOWS\System32\bcrypt.dll
0x00007ffe359a0000 - 0x00007ffe359c5000 	C:\WINDOWS\SYSTEM32\USERENV.dll
0x00007ffe35030000 - 0x00007ffe3506a000 	C:\WINDOWS\SYSTEM32\IPHLPAPI.DLL
0x00007ffe38210000 - 0x00007ffe38218000 	C:\WINDOWS\System32\NSI.dll
0x00007ffe2eab0000 - 0x00007ffe2eac6000 	C:\WINDOWS\SYSTEM32\dhcpcsvc6.DLL
0x00007ffe2ec90000 - 0x00007ffe2ecac000 	C:\WINDOWS\SYSTEM32\dhcpcsvc.DLL
0x00007ffe35070000 - 0x00007ffe3513b000 	C:\WINDOWS\SYSTEM32\DNSAPI.dll
0x00007ffdeb0c0000 - 0x00007ffdeb259000 	C:\Program Files\Java\jdk1.8.0_211\jre\bin\awt.dll
0x00007ffe38910000 - 0x00007ffe389d5000 	C:\WINDOWS\System32\OLEAUT32.dll
0x00007ffe33120000 - 0x00007ffe331af000 	C:\WINDOWS\SYSTEM32\apphelp.dll
0x00007ffe33070000 - 0x00007ffe33109000 	C:\WINDOWS\system32\uxtheme.dll
0x00007ffe37a40000 - 0x00007ffe37b75000 	C:\WINDOWS\System32\MSCTF.dll
0x00007ffe378e0000 - 0x00007ffe37a37000 	C:\WINDOWS\System32\ole32.dll

VM Arguments:
jvm_args: -XX:MaxMetaspaceSize=256m -XX:+HeapDumpOnOutOfMemoryError -Xms256m -Xmx512m -Dfile.encoding=windows-1252 -Duser.country=US -Duser.language=en -Duser.variant 
java_command: org.gradle.launcher.daemon.bootstrap.GradleDaemon 6.2
java_class_path (initial): C:\Users\Adminis\.gradle\wrapper\dists\gradle-6.2-all\dvufqs6kielxeao781pmk5huj\gradle-6.2\lib\gradle-launcher-6.2.jar
Launcher Type: SUN_STANDARD

Environment Variables:
JAVA_HOME=C:\Program Files\Java\jdk1.8.0_211
CLASSPATH=C:\Users\Adminis\LVAution\android\\gradle\wrapper\gradle-wrapper.jar
PATH=C:\Users\Adminis\LVAution\android\node_modules\.bin;C:\Users\Adminis\LVAution\node_modules\.bin;C:\Users\Adminis\node_modules\.bin;C:\Users\node_modules\.bin;C:\node_modules\.bin;C:\Program Files\nodejs;C:\Python27\;C:\Python27\Scripts;C:\Program Files\Microsoft MPI\Bin\;C:\WINDOWS\system32;C:\WINDOWS;C:\WINDOWS\System32\Wbem;C:\WINDOWS\System32\WindowsPowerShell\v1.0\;C:\WINDOWS\System32\OpenSSH\;C:\Program Files\Microsoft SQL Server\130\Tools\Binn\;C:\Program Files\Microsoft SQL Server\Client SDK\ODBC\130\Tools\Binn\;C:\Program Files (x86)\Microsoft SQL Server\140\Tools\Binn\;C:\Program Files\Microsoft SQL Server\140\Tools\Binn\;C:\Program Files\Microsoft SQL Server\140\DTS\Binn\;C:\xampp\php;C:\composer;C:\Program Files\Git\cmd;C:\Program Files\Microsoft SQL Server\Client SDK\ODBC\170\Tools\Binn\;C:\Program Files (x86)\Microsoft SQL Server\110\DTS\Binn\;C:\Program Files (x86)\Microsoft SQL Server\Client SDK\ODBC\130\Tools\Binn\;C:\Program Files (x86)\Microsoft SQL Server\140\DTS\Binn\;C:\Program Files (x86)\Microsoft SQL Server\140\Tools\Binn\ManagementStudio\;C:\Program Files\dotnet\;%ANDROID_HOME%;C:\ProgramData\chocolatey\bin;C:\Program Files\nodejs\;C:\Program Files\Java\jdk1.8.0_211\bin;C:\Program Files\TortoiseGit\bin;;C:\Users\Adminis\AppData\Local\Programs\Microsoft VS Code\bin;C:\Users\Adminis\AppData\Local\Microsoft\WindowsApps;C:\Users\Adminis\AppData\Roaming\Composer\vendor\bin;C:\Users\Adminis\AppData\Roaming\npm
USERNAME=Adminis
OS=Windows_NT
PROCESSOR_IDENTIFIER=Intel64 Family 6 Model 78 Stepping 3, GenuineIntel



---------------  S Y S T E M  ---------------

OS: Windows 10.0 , 64 bit Build 18362 (10.0.18362.959)

CPU:total 4 (initial active 4) (2 cores per cpu, 2 threads per core) family 6 model 78 stepping 3, cmov, cx8, fxsr, mmx, sse, sse2, sse3, ssse3, sse4.1, sse4.2, popcnt, avx, avx2, aes, clmul, erms, 3dnowpref, lzcnt, ht, tsc, tscinvbit, bmi1, bmi2, adx

Memory: 4k page, physical 12443776k(2364020k free), swap 12443776k(2100k free)

vm_info: Java HotSpot(TM) 64-Bit Server VM (25.211-b12) for windows-amd64 JRE (1.8.0_211-b12), built on Apr  1 2019 20:53:26 by "java_re" with MS VC++ 10.0 (VS2010)

time: Wed Jul 22 21:52:28 2020
timezone: SE Asia Standard Time
elapsed time: 112 seconds (0d 0h 1m 52s)

