#
# There is insufficient memory for the Java Runtime Environment to continue.
# Native memory allocation (malloc) failed to allocate 32744 bytes for ChunkPool::allocate
# Possible reasons:
#   The system is out of physical RAM or swap space
#   The process is running with CompressedOops enabled, and the Java Heap may be blocking the growth of the native heap
# Possible solutions:
#   Reduce memory load on the system
#   Increase physical memory or swap space
#   Check if swap backing store is full
#   Decrease Java heap size (-Xmx/-Xms)
#   Decrease number of Java threads
#   Decrease Java thread stack sizes (-Xss)
#   Set larger code cache with -XX:ReservedCodeCacheSize=
#   JVM is running with Unscaled Compressed Oops mode in which the Java heap is
#     placed in the first 4GB address space. The Java Heap base address is the
#     maximum limit for the native heap growth. Please use -XX:HeapBaseMinAddress
#     to set the Java Heap base and to place the Java Heap above 4GB virtual address.
# This output file may be truncated or incomplete.
#
#  Out of Memory Error (allocation.cpp:272), pid=9504, tid=0x0000000000000e50
#
# JRE version: Java(TM) SE Runtime Environment (8.0_211-b12) (build 1.8.0_211-b12)
# Java VM: Java HotSpot(TM) 64-Bit Server VM (25.211-b12 mixed mode windows-amd64 compressed oops)
# Failed to write core dump. Minidumps are not enabled by default on client versions of Windows
#

---------------  T H R E A D  ---------------

Current thread (0x00000000133aa800):  JavaThread "C1 CompilerThread2" daemon [_thread_in_native, id=3664, stack(0x0000000014be0000,0x0000000014ce0000)]

Stack: [0x0000000014be0000,0x0000000014ce0000]
[error occurred during error reporting (printing stack bounds), id 0xc0000005]

Native frames: (J=compiled Java code, j=interpreted, Vv=VM code, C=native code)


Current CompileTask:
C1: 120881 1285   !   3       sun.nio.ch.SocketChannelImpl::read (389 bytes)


---------------  P R O C E S S  ---------------

Java Threads: ( => current thread )
  0x0000000014f9a000 JavaThread "Forward input" [_thread_blocked, id=14228, stack(0x00000000172f0000,0x00000000173f0000)]
  0x0000000014f99800 JavaThread "DisconnectableInputStream source reader" daemon [_thread_in_native, id=13208, stack(0x00000000171f0000,0x00000000172f0000)]
  0x0000000015a4d000 JavaThread "pool-1-thread-1" [_thread_blocked, id=11900, stack(0x0000000016ab0000,0x0000000016bb0000)]
  0x0000000014d1b000 JavaThread "Service Thread" daemon [_thread_blocked, id=8744, stack(0x00000000150e0000,0x00000000151e0000)]
=>0x00000000133aa800 JavaThread "C1 CompilerThread2" daemon [_thread_in_native, id=3664, stack(0x0000000014be0000,0x0000000014ce0000)]
  0x0000000013393800 JavaThread "C2 CompilerThread1" daemon [_thread_blocked, id=2160, stack(0x0000000014ae0000,0x0000000014be0000)]
  0x000000001339d800 JavaThread "C2 CompilerThread0" daemon [_thread_blocked, id=6976, stack(0x00000000149e0000,0x0000000014ae0000)]
  0x000000001339b800 JavaThread "Attach Listener" daemon [_thread_blocked, id=9400, stack(0x00000000148e0000,0x00000000149e0000)]
  0x000000001339a000 JavaThread "Signal Dispatcher" daemon [_thread_blocked, id=5936, stack(0x00000000147e0000,0x00000000148e0000)]
  0x000000000302c000 JavaThread "Finalizer" daemon [_thread_blocked, id=10796, stack(0x00000000145e0000,0x00000000146e0000)]
  0x0000000003023000 JavaThread "Reference Handler" daemon [_thread_blocked, id=13104, stack(0x00000000144e0000,0x00000000145e0000)]
  0x000000000116e800 JavaThread "main" [_thread_in_native, id=14268, stack(0x0000000002e30000,0x0000000002f30000)]

Other Threads:
  0x0000000013357800 VMThread [stack: 0x00000000143e0000,0x00000000144e0000] [id=10384]
  0x0000000014d3d000 WatcherThread [stack: 0x00000000151e0000,0x00000000152e0000] [id=4804]

VM state:not at safepoint (normal execution)

VM Mutex/Monitor currently owned by a thread: None

heap address: 0x00000000fc000000, size: 64 MB, Compressed Oops mode: 32-bit
Narrow klass base: 0x0000000000000000, Narrow klass shift: 3
Compressed class space size: 1073741824 Address: 0x0000000100000000

Heap:
 PSYoungGen      total 18944K, used 14363K [0x00000000feb00000, 0x0000000100000000, 0x0000000100000000)
  eden space 16384K, 72% used [0x00000000feb00000,0x00000000ff68d398,0x00000000ffb00000)
  from space 2560K, 98% used [0x00000000ffd80000,0x00000000ffff9918,0x0000000100000000)
  to   space 2560K, 0% used [0x00000000ffb00000,0x00000000ffb00000,0x00000000ffd80000)
 ParOldGen       total 44032K, used 1490K [0x00000000fc000000, 0x00000000feb00000, 0x00000000feb00000)
  object space 44032K, 3% used [0x00000000fc000000,0x00000000fc174ba8,0x00000000feb00000)
 Metaspace       used 11161K, capacity 11504K, committed 11648K, reserved 1058816K
  class space    used 1478K, capacity 1602K, committed 1664K, reserved 1048576K

Card table byte_map: [0x0000000002d80000,0x0000000002db0000] byte_map_base: 0x00000000025a0000

Marking Bits: (ParMarkBitMap*) 0x0000000055c45ce0
 Begin Bits: [0x00000000127f0000, 0x00000000128f0000)
 End Bits:   [0x00000000128f0000, 0x00000000129f0000)

Polling page: 0x0000000001170000

CodeCache: size=245760Kb used=4178Kb max_used=4178Kb free=241581Kb
 bounds [0x0000000003030000, 0x0000000003450000, 0x0000000012030000]
 total_blobs=1647 nmethods=1283 adapters=276
 compilation: enabled

Compilation events (10 events):
Event: 115.858 Thread 0x00000000133aa800 nmethod 1278 0x000000000343e490 code [0x000000000343e5e0, 0x000000000343e6d0]
Event: 115.858 Thread 0x00000000133aa800 1279       1       org.gradle.internal.logging.events.StyledTextOutputEvent$Span::access$100 (5 bytes)
Event: 115.858 Thread 0x00000000133aa800 nmethod 1279 0x0000000003441850 code [0x00000000034419a0, 0x0000000003441a90]
Event: 120.688 Thread 0x00000000133aa800 1282   !   3       sun.nio.ch.SocketChannelImpl::readerCleanup (35 bytes)
Event: 120.688 Thread 0x00000000133aa800 nmethod 1282 0x0000000003445010 code [0x0000000003445180, 0x0000000003445508]
Event: 120.688 Thread 0x00000000133aa800 1283       3       sun.nio.ch.IOStatus::normalize (10 bytes)
Event: 120.689 Thread 0x00000000133aa800 nmethod 1283 0x00000000034414d0 code [0x0000000003441620, 0x0000000003441790]
Event: 120.877 Thread 0x00000000133aa800 1284   !   3       java.lang.Class::getEnumConstantsShared (73 bytes)
Event: 120.878 Thread 0x00000000133aa800 nmethod 1284 0x0000000003445610 code [0x0000000003445800, 0x0000000003446228]
Event: 120.878 Thread 0x00000000133aa800 1285   !   3       sun.nio.ch.SocketChannelImpl::read (389 bytes)

GC Heap History (4 events):
Event: 0.876 GC heap before
{Heap before GC invocations=1 (full 0):
 PSYoungGen      total 18944K, used 16384K [0x00000000feb00000, 0x0000000100000000, 0x0000000100000000)
  eden space 16384K, 100% used [0x00000000feb00000,0x00000000ffb00000,0x00000000ffb00000)
  from space 2560K, 0% used [0x00000000ffd80000,0x00000000ffd80000,0x0000000100000000)
  to   space 2560K, 0% used [0x00000000ffb00000,0x00000000ffb00000,0x00000000ffd80000)
 ParOldGen       total 44032K, used 0K [0x00000000fc000000, 0x00000000feb00000, 0x00000000feb00000)
  object space 44032K, 0% used [0x00000000fc000000,0x00000000fc000000,0x00000000feb00000)
 Metaspace       used 6377K, capacity 6654K, committed 6784K, reserved 1056768K
  class space    used 782K, capacity 877K, committed 896K, reserved 1048576K
Event: 0.880 GC heap after
Heap after GC invocations=1 (full 0):
 PSYoungGen      total 18944K, used 2545K [0x00000000feb00000, 0x0000000100000000, 0x0000000100000000)
  eden space 16384K, 0% used [0x00000000feb00000,0x00000000feb00000,0x00000000ffb00000)
  from space 2560K, 99% used [0x00000000ffb00000,0x00000000ffd7c7a8,0x00000000ffd80000)
  to   space 2560K, 0% used [0x00000000ffd80000,0x00000000ffd80000,0x0000000100000000)
 ParOldGen       total 44032K, used 8K [0x00000000fc000000, 0x00000000feb00000, 0x00000000feb00000)
  object space 44032K, 0% used [0x00000000fc000000,0x00000000fc002000,0x00000000feb00000)
 Metaspace       used 6377K, capacity 6654K, committed 6784K, reserved 1056768K
  class space    used 782K, capacity 877K, committed 896K, reserved 1048576K
}
Event: 1.206 GC heap before
{Heap before GC invocations=2 (full 0):
 PSYoungGen      total 18944K, used 18929K [0x00000000feb00000, 0x0000000100000000, 0x0000000100000000)
  eden space 16384K, 100% used [0x00000000feb00000,0x00000000ffb00000,0x00000000ffb00000)
  from space 2560K, 99% used [0x00000000ffb00000,0x00000000ffd7c7a8,0x00000000ffd80000)
  to   space 2560K, 0% used [0x00000000ffd80000,0x00000000ffd80000,0x0000000100000000)
 ParOldGen       total 44032K, used 8K [0x00000000fc000000, 0x00000000feb00000, 0x00000000feb00000)
  object space 44032K, 0% used [0x00000000fc000000,0x00000000fc002000,0x00000000feb00000)
 Metaspace       used 8827K, capacity 9152K, committed 9344K, reserved 1056768K
  class space    used 1186K, capacity 1308K, committed 1408K, reserved 1048576K
Event: 1.211 GC heap after
Heap after GC invocations=2 (full 0):
 PSYoungGen      total 18944K, used 2534K [0x00000000feb00000, 0x0000000100000000, 0x0000000100000000)
  eden space 16384K, 0% used [0x00000000feb00000,0x00000000feb00000,0x00000000ffb00000)
  from space 2560K, 98% used [0x00000000ffd80000,0x00000000ffff9918,0x0000000100000000)
  to   space 2560K, 0% used [0x00000000ffb00000,0x00000000ffb00000,0x00000000ffd80000)
 ParOldGen       total 44032K, used 1490K [0x00000000fc000000, 0x00000000feb00000, 0x00000000feb00000)
  object space 44032K, 3% used [0x00000000fc000000,0x00000000fc174ba8,0x00000000feb00000)
 Metaspace       used 8827K, capacity 9152K, committed 9344K, reserved 1056768K
  class space    used 1186K, capacity 1308K, committed 1408K, reserved 1048576K
}

Deoptimization events (10 events):
Event: 0.636 Thread 0x000000000116e800 Uncommon trap: reason=unstable_if action=reinterpret pc=0x00000000031f4338 method=java.lang.String.startsWith(Ljava/lang/String;I)Z @ 25
Event: 0.953 Thread 0x000000000116e800 Uncommon trap: reason=unstable_if action=reinterpret pc=0x000000000320b740 method=java.util.regex.Matcher.reset()Ljava/util/regex/Matcher; @ 47
Event: 0.953 Thread 0x000000000116e800 Uncommon trap: reason=class_check action=maybe_recompile pc=0x000000000322500c method=java.util.regex.Matcher.match(II)Z @ 86
Event: 0.953 Thread 0x000000000116e800 Uncommon trap: reason=class_check action=maybe_recompile pc=0x000000000322500c method=java.util.regex.Matcher.match(II)Z @ 86
Event: 0.954 Thread 0x000000000116e800 Uncommon trap: reason=class_check action=maybe_recompile pc=0x000000000322500c method=java.util.regex.Matcher.match(II)Z @ 86
Event: 0.954 Thread 0x000000000116e800 Uncommon trap: reason=class_check action=maybe_recompile pc=0x000000000322500c method=java.util.regex.Matcher.match(II)Z @ 86
Event: 0.959 Thread 0x000000000116e800 Uncommon trap: reason=unstable_if action=reinterpret pc=0x000000000317a290 method=java.util.regex.Pattern.has(I)Z @ 6
Event: 1.195 Thread 0x000000000116e800 Uncommon trap: reason=unstable_if action=reinterpret pc=0x00000000032c1d20 method=java.util.HashMap.hash(Ljava/lang/Object;)I @ 1
Event: 1.258 Thread 0x000000000116e800 Uncommon trap: reason=unstable_if action=reinterpret pc=0x00000000032b3dc4 method=java.util.HashMap.getNode(ILjava/lang/Object;)Ljava/util/HashMap$Node; @ 129
Event: 1.258 Thread 0x000000000116e800 Uncommon trap: reason=class_check action=maybe_recompile pc=0x00000000032c3058 method=java.util.HashMap.putVal(ILjava/lang/Object;Ljava/lang/Object;ZZ)Ljava/lang/Object; @ 203

Classes redefined (0 events):
No events

Internal exceptions (10 events):
Event: 1.195 Thread 0x000000000116e800 Implicit null exception at 0x00000000032c1b15 to 0x00000000032c1d11
Event: 1.199 Thread 0x000000000116e800 Exception <a 'java/lang/ArrayIndexOutOfBoundsException'> (0x00000000ffa87e98) thrown at [C:\re\workspace\8-2-build-windows-amd64-cygwin\jdk8u211\12973\hotspot\src\share\vm\runtime\sharedRuntime.cpp, line 605]
Event: 1.200 Thread 0x000000000116e800 Exception <a 'java/lang/ArrayIndexOutOfBoundsException'> (0x00000000ffa8c2d0) thrown at [C:\re\workspace\8-2-build-windows-amd64-cygwin\jdk8u211\12973\hotspot\src\share\vm\runtime\sharedRuntime.cpp, line 605]
Event: 1.205 Thread 0x000000000116e800 Exception <a 'java/lang/ArrayIndexOutOfBoundsException'> (0x00000000ffaf7e40) thrown at [C:\re\workspace\8-2-build-windows-amd64-cygwin\jdk8u211\12973\hotspot\src\share\vm\runtime\sharedRuntime.cpp, line 605]
Event: 1.205 Thread 0x000000000116e800 Exception <a 'java/lang/ArrayIndexOutOfBoundsException'> (0x00000000ffaf9090) thrown at [C:\re\workspace\8-2-build-windows-amd64-cygwin\jdk8u211\12973\hotspot\src\share\vm\runtime\sharedRuntime.cpp, line 605]
Event: 1.205 Thread 0x000000000116e800 Exception <a 'java/lang/ArrayIndexOutOfBoundsException'> (0x00000000ffafa1a0) thrown at [C:\re\workspace\8-2-build-windows-amd64-cygwin\jdk8u211\12973\hotspot\src\share\vm\runtime\sharedRuntime.cpp, line 605]
Event: 1.205 Thread 0x000000000116e800 Exception <a 'java/lang/ArrayIndexOutOfBoundsException'> (0x00000000ffafbd08) thrown at [C:\re\workspace\8-2-build-windows-amd64-cygwin\jdk8u211\12973\hotspot\src\share\vm\runtime\sharedRuntime.cpp, line 605]
Event: 1.206 Thread 0x000000000116e800 Exception <a 'java/lang/ArrayIndexOutOfBoundsException'> (0x00000000ffafe790) thrown at [C:\re\workspace\8-2-build-windows-amd64-cygwin\jdk8u211\12973\hotspot\src\share\vm\runtime\sharedRuntime.cpp, line 605]
Event: 1.211 Thread 0x000000000116e800 Exception <a 'java/lang/ArrayIndexOutOfBoundsException'> (0x00000000feb00320) thrown at [C:\re\workspace\8-2-build-windows-amd64-cygwin\jdk8u211\12973\hotspot\src\share\vm\runtime\sharedRuntime.cpp, line 605]
Event: 1.211 Thread 0x000000000116e800 Exception <a 'java/lang/ArrayIndexOutOfBoundsException'> (0x00000000feb03aa0) thrown at [C:\re\workspace\8-2-build-windows-amd64-cygwin\jdk8u211\12973\hotspot\src\share\vm\runtime\sharedRuntime.cpp, line 605]

Events (10 events):
Event: 13.173 loading class com/google/common/collect/Lists$RandomAccessReverseList
Event: 13.173 loading class com/google/common/collect/Lists$RandomAccessReverseList done
Event: 13.173 loading class com/google/common/collect/Lists$ReverseList$1
Event: 13.173 loading class com/google/common/collect/Lists$ReverseList$1 done
Event: 15.169 loading class org/gradle/internal/logging/text/AbstractLineChoppingStyledTextOutput$StateContext
Event: 15.169 loading class org/gradle/internal/logging/text/AbstractLineChoppingStyledTextOutput$StateContext done
Event: 15.170 loading class org/gradle/internal/logging/console/DefaultTextArea$2
Event: 15.170 loading class org/gradle/internal/logging/console/DefaultTextArea$2 done
Event: 15.171 loading class org/gradle/internal/logging/console/DefaultTextArea$2$1
Event: 15.171 loading class org/gradle/internal/logging/console/DefaultTextArea$2$1 done


Dynamic libraries:
0x00007ff683760000 - 0x00007ff683797000 	C:\Program Files\Java\jdk1.8.0_211\bin\java.exe
0x00007ffacc360000 - 0x00007ffacc550000 	C:\WINDOWS\SYSTEM32\ntdll.dll
0x00007ffacac50000 - 0x00007ffacad02000 	C:\WINDOWS\System32\KERNEL32.DLL
0x00007ffac9e70000 - 0x00007ffaca114000 	C:\WINDOWS\System32\KERNELBASE.dll
0x00007ffacb6c0000 - 0x00007ffacb763000 	C:\WINDOWS\System32\ADVAPI32.dll
0x00007ffaca7d0000 - 0x00007ffaca86e000 	C:\WINDOWS\System32\msvcrt.dll
0x00007ffacc130000 - 0x00007ffacc1c7000 	C:\WINDOWS\System32\sechost.dll
0x00007ffacaac0000 - 0x00007ffacabe0000 	C:\WINDOWS\System32\RPCRT4.dll
0x00007ffaca870000 - 0x00007ffacaa04000 	C:\WINDOWS\System32\USER32.dll
0x00007ffaca290000 - 0x00007ffaca2b1000 	C:\WINDOWS\System32\win32u.dll
0x00007ffacb4b0000 - 0x00007ffacb4d6000 	C:\WINDOWS\System32\GDI32.dll
0x00007ffac9410000 - 0x00007ffac95a6000 	C:\WINDOWS\System32\gdi32full.dll
0x00007ffaca1f0000 - 0x00007ffaca28e000 	C:\WINDOWS\System32\msvcp_win.dll
0x00007ffac9310000 - 0x00007ffac940a000 	C:\WINDOWS\System32\ucrtbase.dll
0x00007ffab9d80000 - 0x00007ffaba004000 	C:\WINDOWS\WinSxS\amd64_microsoft.windows.common-controls_6595b64144ccf1df_6.0.18362.959_none_e6c7bbbf130c62bb\COMCTL32.dll
0x00007ffaca420000 - 0x00007ffaca755000 	C:\WINDOWS\System32\combase.dll
0x00007ffac9610000 - 0x00007ffac9690000 	C:\WINDOWS\System32\bcryptPrimitives.dll
0x00007ffacaa90000 - 0x00007ffacaabe000 	C:\WINDOWS\System32\IMM32.DLL
0x0000000058890000 - 0x0000000058962000 	C:\Program Files\Java\jdk1.8.0_211\jre\bin\msvcr100.dll
0x0000000055420000 - 0x0000000055cc5000 	C:\Program Files\Java\jdk1.8.0_211\jre\bin\server\jvm.dll
0x00007ffacc310000 - 0x00007ffacc318000 	C:\WINDOWS\System32\PSAPI.DLL
0x00007ffaba440000 - 0x00007ffaba449000 	C:\WINDOWS\SYSTEM32\WSOCK32.dll
0x00007ffaca760000 - 0x00007ffaca7cf000 	C:\WINDOWS\System32\WS2_32.dll
0x00007ffac38f0000 - 0x00007ffac38fa000 	C:\WINDOWS\SYSTEM32\VERSION.dll
0x00007ffac1be0000 - 0x00007ffac1c04000 	C:\WINDOWS\SYSTEM32\WINMM.dll
0x00007ffac1bb0000 - 0x00007ffac1bdd000 	C:\WINDOWS\SYSTEM32\WINMMBASE.dll
0x00007ffac9690000 - 0x00007ffac96da000 	C:\WINDOWS\System32\cfgmgr32.dll
0x00007ffac29b0000 - 0x00007ffac29bf000 	C:\Program Files\Java\jdk1.8.0_211\jre\bin\verify.dll
0x00007ffa8f160000 - 0x00007ffa8f189000 	C:\Program Files\Java\jdk1.8.0_211\jre\bin\java.dll
0x00007ffa99250000 - 0x00007ffa99266000 	C:\Program Files\Java\jdk1.8.0_211\jre\bin\zip.dll
0x00007ffacad10000 - 0x00007ffacb3f6000 	C:\WINDOWS\System32\SHELL32.dll
0x00007ffacb400000 - 0x00007ffacb4a9000 	C:\WINDOWS\System32\shcore.dll
0x00007ffac96e0000 - 0x00007ffac9e62000 	C:\WINDOWS\System32\windows.storage.dll
0x00007ffac92b0000 - 0x00007ffac92d3000 	C:\WINDOWS\System32\profapi.dll
0x00007ffac9240000 - 0x00007ffac928a000 	C:\WINDOWS\System32\powrprof.dll
0x00007ffac9210000 - 0x00007ffac9220000 	C:\WINDOWS\System32\UMPDC.dll
0x00007ffacbb40000 - 0x00007ffacbb92000 	C:\WINDOWS\System32\shlwapi.dll
0x00007ffac9220000 - 0x00007ffac9231000 	C:\WINDOWS\System32\kernel.appcore.dll
0x00007ffaca120000 - 0x00007ffaca137000 	C:\WINDOWS\System32\cryptsp.dll
0x00007ffa913d0000 - 0x00007ffa913ea000 	C:\Program Files\Java\jdk1.8.0_211\jre\bin\net.dll
0x00007ffaba8e0000 - 0x00007ffabaab6000 	C:\WINDOWS\SYSTEM32\urlmon.dll
0x00007ffaba630000 - 0x00007ffaba8d6000 	C:\WINDOWS\SYSTEM32\iertutil.dll
0x00007ffac8c50000 - 0x00007ffac8c5c000 	C:\WINDOWS\SYSTEM32\CRYPTBASE.DLL
0x00007ffac8a80000 - 0x00007ffac8ae7000 	C:\WINDOWS\system32\mswsock.dll
0x00007ffa8f140000 - 0x00007ffa8f152000 	C:\Program Files\Java\jdk1.8.0_211\jre\bin\nio.dll
0x00007ffa8f110000 - 0x00007ffa8f13a000 	C:\Users\Adminis\.gradle\native\36\windows-amd64\native-platform.dll
0x00007ffac5040000 - 0x00007ffac504a000 	C:\Users\Adminis\.gradle\native\jansi\1.18\windows64\jansi.dll
0x00007ffab94e0000 - 0x00007ffab94ed000 	C:\Program Files\Java\jdk1.8.0_211\jre\bin\management.dll
0x00007ffac85f0000 - 0x00007ffac8623000 	C:\WINDOWS\system32\rsaenh.dll
0x00007ffac92e0000 - 0x00007ffac9306000 	C:\WINDOWS\System32\bcrypt.dll
0x00007ffac9130000 - 0x00007ffac9155000 	C:\WINDOWS\SYSTEM32\USERENV.dll
0x00007ffac8790000 - 0x00007ffac87ca000 	C:\WINDOWS\SYSTEM32\IPHLPAPI.DLL
0x00007ffacbba0000 - 0x00007ffacbba8000 	C:\WINDOWS\System32\NSI.dll
0x00007ffac1c10000 - 0x00007ffac1c26000 	C:\WINDOWS\SYSTEM32\dhcpcsvc6.DLL
0x00007ffac1da0000 - 0x00007ffac1dbc000 	C:\WINDOWS\SYSTEM32\dhcpcsvc.DLL
0x00007ffac87d0000 - 0x00007ffac889b000 	C:\WINDOWS\SYSTEM32\DNSAPI.dll

VM Arguments:
jvm_args: -Xmx64m -Xms64m -Dorg.gradle.appname=gradlew 
java_command: org.gradle.wrapper.GradleWrapperMain bundleRelease
java_class_path (initial): C:/Users/Adminis/LacVietAuction-master/LacVietAuction-master/android/gradle/wrapper/gradle-wrapper.jar
Launcher Type: SUN_STANDARD

Environment Variables:
JAVA_HOME=C:\Program Files\Java\jdk1.8.0_211
CLASSPATH=C:/Users/Adminis/LacVietAuction-master/LacVietAuction-master/android/gradle/wrapper/gradle-wrapper.jar
PATH=C:\Users\Adminis\bin;C:\Program Files\Git\mingw64\bin;C:\Program Files\Git\usr\local\bin;C:\Program Files\Git\usr\bin;C:\Program Files\Git\usr\bin;C:\Program Files\Git\mingw64\bin;C:\Program Files\Git\usr\bin;C:\Users\Adminis\bin;C:\Python27;C:\Python27\Scripts;C:\Program Files\Microsoft MPI\Bin;C:\WINDOWS\system32;C:\WINDOWS;C:\WINDOWS\System32\Wbem;C:\WINDOWS\System32\WindowsPowerShell\v1.0;C:\WINDOWS\System32\OpenSSH;C:\Program Files\Microsoft SQL Server\130\Tools\Binn;C:\Program Files\Microsoft SQL Server\Client SDK\ODBC\130\Tools\Binn;C:\Program Files (x86)\Microsoft SQL Server\140\Tools\Binn;C:\Program Files\Microsoft SQL Server\140\Tools\Binn;C:\Program Files\Microsoft SQL Server\140\DTS\Binn;C:\xampp\php;C:\composer;C:\Program Files\Git\cmd;C:\Program Files\Microsoft SQL Server\Client SDK\ODBC\170\Tools\Binn;C:\Program Files (x86)\Microsoft SQL Server\110\DTS\Binn;C:\Program Files (x86)\Microsoft SQL Server\Client SDK\ODBC\130\Tools\Binn;C:\Program Files (x86)\Microsoft SQL Server\140\DTS\Binn;C:\Program Files (x86)\Microsoft SQL Server\140\Tools\Binn\ManagementStudio;C:\Program Files\dotnet;%ANDROID_HOME%;C:\ProgramData\chocolatey\bin;C:\Program Files\nodejs;C:\Program Files\Java\jdk1.8.0_211\bin;C:\Program Files\TortoiseGit\bin;C:\Users\Adminis\AppData\Local\Programs\Microsoft VS Code\bin;C:\Users\Adminis\AppData\Local\Microsoft\WindowsApps;C:\Users\Adminis\AppData\Roaming\Composer\vendor\bin;C:\Users\Adminis\AppData\Roaming\npm;C:\Program Files\Git\usr\bin\vendor_perl;C:\Program Files\Git\usr\bin\core_perl
USERNAME=Adminis
SHELL=C:\Program Files\Git\usr\bin\bash.exe
DISPLAY=needs-to-be-defined
OS=Windows_NT
PROCESSOR_IDENTIFIER=Intel64 Family 6 Model 78 Stepping 3, GenuineIntel



---------------  S Y S T E M  ---------------

OS: Windows 10.0 , 64 bit Build 18362 (10.0.18362.959)

CPU:total 4 (initial active 4) (2 cores per cpu, 2 threads per core) family 6 model 78 stepping 3, cmov, cx8, fxsr, mmx, sse, sse2, sse3, ssse3, sse4.1, sse4.2, popcnt, avx, avx2, aes, clmul, erms, 3dnowpref, lzcnt, ht, tsc, tscinvbit, bmi1, bmi2, adx

Memory: 4k page, physical 12443776k(1677772k free), swap 12443776k(3600k free)

vm_info: Java HotSpot(TM) 64-Bit Server VM (25.211-b12) for windows-amd64 JRE (1.8.0_211-b12), built on Apr  1 2019 20:53:26 by "java_re" with MS VC++ 10.0 (VS2010)

time: Tue Jul 28 20:06:06 2020
timezone: SE Asia Standard Time
elapsed time: 120 seconds (0d 0h 2m 0s)

