#
# There is insufficient memory for the Java Runtime Environment to continue.
# Native memory allocation (malloc) failed to allocate 1048576 bytes for AllocateHeap
# Possible reasons:
#   The system is out of physical RAM or swap space
#   The process is running with CompressedOops enabled, and the Java Heap may be blocking the growth of the native heap
# Possible solutions:
#   Reduce memory load on the system
#   Increase physical memory or swap space
#   Check if swap backing store is full
#   Decrease Java heap size (-Xmx/-Xms)
#   Decrease number of Java threads
#   Decrease Java thread stack sizes (-Xss)
#   Set larger code cache with -XX:ReservedCodeCacheSize=
#   JVM is running with Unscaled Compressed Oops mode in which the Java heap is
#     placed in the first 4GB address space. The Java Heap base address is the
#     maximum limit for the native heap growth. Please use -XX:HeapBaseMinAddress
#     to set the Java Heap base and to place the Java Heap above 4GB virtual address.
# This output file may be truncated or incomplete.
#
#  Out of Memory Error (memory/allocation.inline.hpp:61), pid=13104, tid=0x000000000000190c
#
# JRE version:  (8.0_211-b12) (build )
# Java VM: Java HotSpot(TM) 64-Bit Server VM (25.211-b12 mixed mode windows-amd64 compressed oops)
# Failed to write core dump. Minidumps are not enabled by default on client versions of Windows
#

---------------  T H R E A D  ---------------

Current thread (0x0000000002823800):  JavaThread "Unknown thread" [_thread_in_vm, id=6412, stack(0x0000000002720000,0x0000000002820000)]

Stack: [0x0000000002720000,0x0000000002820000]
[error occurred during error reporting (printing stack bounds), id 0xc0000005]

Native frames: (J=compiled Java code, j=interpreted, Vv=VM code, C=native code)


---------------  P R O C E S S  ---------------

Java Threads: ( => current thread )

Other Threads:

=>0x0000000002823800 (exited) JavaThread "Unknown thread" [_thread_in_vm, id=6412, stack(0x0000000002720000,0x0000000002820000)]

VM state:not at safepoint (normal execution)

VM Mutex/Monitor currently owned by a thread: None

heap address: 0x00000000fc000000, size: 64 MB, Compressed Oops mode: 32-bit
Narrow klass base: 0x0000000000000000, Narrow klass shift: 3
Compressed class space size: 1073741824 Address: 0x0000000100000000

Heap:
 PSYoungGen      total 18944K, used 327K [0x00000000feb00000, 0x0000000100000000, 0x0000000100000000)
  eden space 16384K, 2% used [0x00000000feb00000,0x00000000feb51ec8,0x00000000ffb00000)
  from space 2560K, 0% used [0x00000000ffd80000,0x00000000ffd80000,0x0000000100000000)
  to   space 2560K, 0% used [0x00000000ffb00000,0x00000000ffb00000,0x00000000ffd80000)
 ParOldGen       total 44032K, used 0K [0x00000000fc000000, 0x00000000feb00000, 0x00000000feb00000)
  object space 44032K, 0% used [0x00000000fc000000,0x00000000fc000000,0x00000000feb00000)
 Metaspace       used 775K, capacity 4480K, committed 4480K, reserved 1056768K
  class space    used 76K, capacity 384K, committed 384K, reserved 1048576K

Card table byte_map: [0x0000000000dc0000,0x0000000000df0000] byte_map_base: 0x00000000005e0000

Marking Bits: (ParMarkBitMap*) 0x0000000057e35ce0
 Begin Bits: [0x00000000120e0000, 0x00000000121e0000)
 End Bits:   [0x00000000121e0000, 0x00000000122e0000)

Polling page: 0x0000000000990000

CodeCache: size=245760Kb used=328Kb max_used=328Kb free=245431Kb
 bounds [0x0000000002920000, 0x0000000002b90000, 0x0000000011920000]
 total_blobs=58 nmethods=0 adapters=38
 compilation: enabled

Compilation events (0 events):
No events

GC Heap History (0 events):
No events

Deoptimization events (0 events):
No events

Classes redefined (0 events):
No events

Internal exceptions (0 events):
No events

Events (10 events):
Event: 0.037 loading class java/lang/Short
Event: 0.037 loading class java/lang/Short done
Event: 0.037 loading class java/lang/Integer
Event: 0.038 loading class java/lang/Integer done
Event: 0.038 loading class java/lang/Long
Event: 0.038 loading class java/lang/Long done
Event: 0.039 loading class java/lang/NullPointerException
Event: 0.039 loading class java/lang/NullPointerException done
Event: 0.039 loading class java/lang/ArithmeticException
Event: 0.039 loading class java/lang/ArithmeticException done


Dynamic libraries:
0x00007ff683760000 - 0x00007ff683797000 	C:\Program Files\Java\jdk1.8.0_211\bin\java.exe
0x00007ffacc360000 - 0x00007ffacc550000 	C:\WINDOWS\SYSTEM32\ntdll.dll
0x00007ffacac50000 - 0x00007ffacad02000 	C:\WINDOWS\System32\KERNEL32.DLL
0x00007ffac9e70000 - 0x00007ffaca114000 	C:\WINDOWS\System32\KERNELBASE.dll
0x00007ffacb6c0000 - 0x00007ffacb763000 	C:\WINDOWS\System32\ADVAPI32.dll
0x00007ffaca7d0000 - 0x00007ffaca86e000 	C:\WINDOWS\System32\msvcrt.dll
0x00007ffacc130000 - 0x00007ffacc1c7000 	C:\WINDOWS\System32\sechost.dll
0x00007ffacaac0000 - 0x00007ffacabe0000 	C:\WINDOWS\System32\RPCRT4.dll
0x00007ffaca870000 - 0x00007ffacaa04000 	C:\WINDOWS\System32\USER32.dll
0x00007ffaca290000 - 0x00007ffaca2b1000 	C:\WINDOWS\System32\win32u.dll
0x00007ffacb4b0000 - 0x00007ffacb4d6000 	C:\WINDOWS\System32\GDI32.dll
0x00007ffac9410000 - 0x00007ffac95a6000 	C:\WINDOWS\System32\gdi32full.dll
0x00007ffaca1f0000 - 0x00007ffaca28e000 	C:\WINDOWS\System32\msvcp_win.dll
0x00007ffac9310000 - 0x00007ffac940a000 	C:\WINDOWS\System32\ucrtbase.dll
0x00007ffab9d80000 - 0x00007ffaba004000 	C:\WINDOWS\WinSxS\amd64_microsoft.windows.common-controls_6595b64144ccf1df_6.0.18362.959_none_e6c7bbbf130c62bb\COMCTL32.dll
0x00007ffaca420000 - 0x00007ffaca755000 	C:\WINDOWS\System32\combase.dll
0x00007ffac9610000 - 0x00007ffac9690000 	C:\WINDOWS\System32\bcryptPrimitives.dll
0x00007ffacaa90000 - 0x00007ffacaabe000 	C:\WINDOWS\System32\IMM32.DLL
0x0000000058890000 - 0x0000000058962000 	C:\Program Files\Java\jdk1.8.0_211\jre\bin\msvcr100.dll
0x0000000057610000 - 0x0000000057eb5000 	C:\Program Files\Java\jdk1.8.0_211\jre\bin\server\jvm.dll
0x00007ffacc310000 - 0x00007ffacc318000 	C:\WINDOWS\System32\PSAPI.DLL
0x00007ffaba440000 - 0x00007ffaba449000 	C:\WINDOWS\SYSTEM32\WSOCK32.dll
0x00007ffaca760000 - 0x00007ffaca7cf000 	C:\WINDOWS\System32\WS2_32.dll
0x00007ffac1be0000 - 0x00007ffac1c04000 	C:\WINDOWS\SYSTEM32\WINMM.dll
0x00007ffac38f0000 - 0x00007ffac38fa000 	C:\WINDOWS\SYSTEM32\VERSION.dll
0x00007ffac1bb0000 - 0x00007ffac1bdd000 	C:\WINDOWS\SYSTEM32\winmmbase.dll
0x00007ffac9690000 - 0x00007ffac96da000 	C:\WINDOWS\System32\cfgmgr32.dll
0x00007ffac5040000 - 0x00007ffac504f000 	C:\Program Files\Java\jdk1.8.0_211\jre\bin\verify.dll
0x00007ffa92ce0000 - 0x00007ffa92d09000 	C:\Program Files\Java\jdk1.8.0_211\jre\bin\java.dll
0x00007ffab8c20000 - 0x00007ffab8c36000 	C:\Program Files\Java\jdk1.8.0_211\jre\bin\zip.dll

VM Arguments:
jvm_args: -Xmx64m -Xms64m -Dorg.gradle.appname=gradlew 
java_command: org.gradle.wrapper.GradleWrapperMain app:installRelease -PreactNativeDevServerPort=8081
java_class_path (initial): C:\Users\Adminis\LacVietAuction-master\LacVietAuction-master\android\\gradle\wrapper\gradle-wrapper.jar
Launcher Type: SUN_STANDARD

Environment Variables:
JAVA_HOME=C:\Program Files\Java\jdk1.8.0_211
CLASSPATH=C:\Users\Adminis\LacVietAuction-master\LacVietAuction-master\android\\gradle\wrapper\gradle-wrapper.jar
PATH=C:\Users\Adminis\LacVietAuction-master\LacVietAuction-master\android\node_modules\.bin;C:\Users\Adminis\LacVietAuction-master\LacVietAuction-master\node_modules\.bin;C:\Users\Adminis\LacVietAuction-master\node_modules\.bin;C:\Users\Adminis\node_modules\.bin;C:\Users\node_modules\.bin;C:\node_modules\.bin;C:\Program Files\nodejs;C:\Users\Adminis\bin;C:\Program Files\Git\mingw64\bin;C:\Program Files\Git\usr\local\bin;C:\Program Files\Git\usr\bin;C:\Program Files\Git\usr\bin;C:\Program Files\Git\mingw64\bin;C:\Program Files\Git\usr\bin;C:\Users\Adminis\bin;C:\Python27;C:\Python27\Scripts;C:\Program Files\Microsoft MPI\Bin;C:\WINDOWS\system32;C:\WINDOWS;C:\WINDOWS\System32\Wbem;C:\WINDOWS\System32\WindowsPowerShell\v1.0;C:\WINDOWS\System32\OpenSSH;C:\Program Files\Microsoft SQL Server\130\Tools\Binn;C:\Program Files\Microsoft SQL Server\Client SDK\ODBC\130\Tools\Binn;C:\Program Files (x86)\Microsoft SQL Server\140\Tools\Binn;C:\Program Files\Microsoft SQL Server\140\Tools\Binn;C:\Program Files\Microsoft SQL Server\140\DTS\Binn;C:\xampp\php;C:\composer;C:\Program Files\Git\cmd;C:\Program Files\Microsoft SQL Server\Client SDK\ODBC\170\Tools\Binn;C:\Program Files (x86)\Microsoft SQL Server\110\DTS\Binn;C:\Program Files (x86)\Microsoft SQL Server\Client SDK\ODBC\130\Tools\Binn;C:\Program Files (x86)\Microsoft SQL Server\140\DTS\Binn;C:\Program Files (x86)\Microsoft SQL Server\140\Tools\Binn\ManagementStudio;C:\Program Files\dotnet;%ANDROID_HOME%;C:\ProgramData\chocolatey\bin;C:\Program Files\nodejs;C:\Program Files\Java\jdk1.8.0_211\bin;C:\Program Files\TortoiseGit\bin;C:\Users\Adminis\AppData\Local\Programs\Microsoft VS Code\bin;C:\Users\Adminis\AppData\Local\Microsoft\WindowsApps;C:\Users\Adminis\AppData\Roaming\Composer\vendor\bin;C:\Users\Adminis\AppData\Roaming\npm;C:\Program Files\Git\usr\bin\vendor_perl;C:\Program Files\Git\usr\bin\core_perl
USERNAME=Adminis
SHELL=C:\Program Files\Git\usr\bin\bash.exe
DISPLAY=needs-to-be-defined
OS=Windows_NT
PROCESSOR_IDENTIFIER=Intel64 Family 6 Model 78 Stepping 3, GenuineIntel



---------------  S Y S T E M  ---------------

OS: Windows 10.0 , 64 bit Build 18362 (10.0.18362.959)

CPU:total 4 (initial active 4) (2 cores per cpu, 2 threads per core) family 6 model 78 stepping 3, cmov, cx8, fxsr, mmx, sse, sse2, sse3, ssse3, sse4.1, sse4.2, popcnt, avx, avx2, aes, clmul, erms, 3dnowpref, lzcnt, ht, tsc, tscinvbit, bmi1, bmi2, adx

Memory: 4k page, physical 12443776k(2008916k free), swap 12443776k(5884k free)

vm_info: Java HotSpot(TM) 64-Bit Server VM (25.211-b12) for windows-amd64 JRE (1.8.0_211-b12), built on Apr  1 2019 20:53:26 by "java_re" with MS VC++ 10.0 (VS2010)

time: Tue Jul 28 20:30:03 2020
timezone: SE Asia Standard Time
elapsed time: 0 seconds (0d 0h 0m 0s)

